[05/Jun/2020 16:49:31] "GET /admin HTTP/1.1" 200 8813
[05/Jun/2020 16:49:31] "GET /static/admin/css/base.css HTTP/1.1" 304 0
[05/Jun/2020 16:49:31] "GET /static/admin/css/dashboard.css HTTP/1.1" 304 0
[05/Jun/2020 16:49:31] "GET /static/admin/css/responsive.css HTTP/1.1" 304 0
[05/Jun/2020 16:49:31] "GET /static/admin/css/fonts.css HTTP/1.1" 304 0
[05/Jun/2020 16:49:32] "GET /static/admin/fonts/Roboto-Light-webfont.woff HTTP/1.1" 304 0
[05/Jun/2020 16:49:32] "GET /static/admin/fonts/Roboto-Bold-webfont.woff HTTP/1.1" 304 0
[05/Jun/2020 16:49:32] "GET /static/admin/fonts/Roboto-Regular-webfont.woff HTTP/1.1" 304 0
[05/Jun/2020 16:49:32] "GET /static/admin/img/icon-changelink.svg HTTP/1.1" 304 0
[05/Jun/2020 16:49:32] "GET /static/admin/img/icon-addlink.svg HTTP/1.1" 304 0
[05/Jun/2020 16:50:35] "GET /admin HTTP/1.1" 200 8813
[05/Jun/2020 16:50:54] "GET /admin HTTP/1.1" 200 8813
[05/Jun/2020 16:52:29] "GET /adminquestion/domain/ HTTP/1.1" 200 3182
[05/Jun/2020 16:52:30] "GET /static/admin/css/changelists.css HTTP/1.1" 200 6170
[05/Jun/2020 16:52:30] "GET /adminjsi18n/ HTTP/1.1" 200 3185
[05/Jun/2020 16:52:30] "GET /static/admin/js/jquery.init.js HTTP/1.1" 200 363
[05/Jun/2020 16:52:30] "GET /static/admin/js/core.js HTTP/1.1" 200 7099
[05/Jun/2020 16:52:30] "GET /static/admin/js/admin/RelatedObjectLookups.js HTTP/1.1" 200 6918
[05/Jun/2020 16:52:30] "GET /static/admin/js/actions.js HTTP/1.1" 200 6766
[05/Jun/2020 16:52:30] "GET /static/admin/js/urlify.js HTTP/1.1" 200 8941
[05/Jun/2020 16:52:30] "GET /static/admin/js/prepopulate.js HTTP/1.1" 200 1530
[05/Jun/2020 16:52:31] "GET /static/admin/js/vendor/xregexp/xregexp.js HTTP/1.1" 200 128820
[05/Jun/2020 16:52:31] "GET /static/admin/js/vendor/jquery/jquery.js HTTP/1.1" 200 271817
[05/Jun/2020 16:52:32] "GET /static/admin/img/tooltag-add.svg HTTP/1.1" 200 331
[05/Jun/2020 16:52:34] "GET /adminquestion/domain/add/ HTTP/1.1" 200 3984
[05/Jun/2020 16:52:34] "GET /static/admin/css/forms.css HTTP/1.1" 200 8505
[05/Jun/2020 16:52:34] "GET /static/admin/js/change_form.js HTTP/1.1" 200 712
[05/Jun/2020 16:52:34] "GET /static/admin/js/prepopulate_init.js HTTP/1.1" 200 495
[05/Jun/2020 16:52:34] "GET /adminjsi18n/ HTTP/1.1" 200 3185
[05/Jun/2020 16:52:34] "GET /static/admin/css/widgets.css HTTP/1.1" 200 10340
[05/Jun/2020 16:52:40] "POST /adminquestion/domain/add/ HTTP/1.1" 302 0
[05/Jun/2020 16:52:40] "GET /adminquestion/domain/ HTTP/1.1" 200 4712
[05/Jun/2020 16:52:40] "GET /adminjsi18n/ HTTP/1.1" 200 3185
[05/Jun/2020 16:52:41] "GET /static/admin/img/icon-yes.svg HTTP/1.1" 200 436
[05/Jun/2020 16:52:43] "GET /adminquestion/ HTTP/1.1" 200 3771
[05/Jun/2020 16:52:46] "GET /adminquestion/quiz/ HTTP/1.1" 200 3655
[05/Jun/2020 16:52:47] "GET /adminjsi18n/ HTTP/1.1" 200 3185
[05/Jun/2020 16:52:49] "GET /adminquestion/quiz/add/ HTTP/1.1" 200 10722
[05/Jun/2020 16:52:49] "GET /static/admin/js/calendar.js HTTP/1.1" 200 7777
[05/Jun/2020 16:52:49] "GET /static/admin/js/admin/DateTimeShortcuts.js HTTP/1.1" 200 20269
[05/Jun/2020 16:52:49] "GET /adminjsi18n/ HTTP/1.1" 200 3185
[05/Jun/2020 16:52:50] "GET /static/admin/img/icon-calendar.svg HTTP/1.1" 200 1086
[05/Jun/2020 16:52:50] "GET /static/admin/img/icon-clock.svg HTTP/1.1" 200 677
[05/Jun/2020 16:54:00] "POST /adminquestion/quiz/add/ HTTP/1.1" 302 0
[05/Jun/2020 16:54:00] "GET /adminquestion/quiz/ HTTP/1.1" 200 5832
[05/Jun/2020 16:54:01] "GET /adminjsi18n/ HTTP/1.1" 200 3185
[05/Jun/2020 16:54:04] "GET /adminquestion/quiz/1/change/ HTTP/1.1" 200 11475
[05/Jun/2020 16:54:04] "GET /adminjsi18n/ HTTP/1.1" 200 3185
[05/Jun/2020 16:54:11] "GET /adminquestion/quiz/ HTTP/1.1" 200 5640
[05/Jun/2020 16:55:04] "GET /quiz/1 HTTP/1.1" 200 315
[05/Jun/2020 16:55:25] "GET /static/Screen_Shot_2020-05-28_at_5.45.36_PM.png HTTP/1.1" 200 31288
[05/Jun/2020 16:55:37] "GET /adminquestion/quiz/1/change/ HTTP/1.1" 200 11475
[05/Jun/2020 16:55:38] "GET /adminjsi18n/ HTTP/1.1" 200 3185
[05/Jun/2020 16:55:41] "GET /adminquestion/quiz/ HTTP/1.1" 200 5640
[05/Jun/2020 16:55:45] "GET /adminquestion/ HTTP/1.1" 200 3771
[05/Jun/2020 16:55:45] "GET /static/admin/css/dashboard.css HTTP/1.1" 304 0
[05/Jun/2020 16:55:47] "GET /adminquestion/question/ HTTP/1.1" 200 3708
[05/Jun/2020 16:55:47] "GET /static/admin/css/base.css HTTP/1.1" 304 0
[05/Jun/2020 16:55:47] "GET /adminjsi18n/ HTTP/1.1" 200 3185
[05/Jun/2020 16:55:49] "GET /adminquestion/question/add/ HTTP/1.1" 200 7310
[05/Jun/2020 16:55:50] "GET /adminjsi18n/ HTTP/1.1" 200 3185
[05/Jun/2020 16:56:08] "POST /adminquestion/question/add/ HTTP/1.1" 302 0
[05/Jun/2020 16:56:08] "GET /adminquestion/question/ HTTP/1.1" 200 5510
[05/Jun/2020 16:56:08] "GET /adminjsi18n/ HTTP/1.1" 200 3185
[05/Jun/2020 16:56:11] "GET /adminquestion/question/add/ HTTP/1.1" 200 7310
[05/Jun/2020 16:56:20] "GET /admin HTTP/1.1" 200 9732
Not Found: /
[05/Jun/2020 17:29:20] "GET / HTTP/1.1" 404 4253
[05/Jun/2020 17:29:42] "GET /admin HTTP/1.1" 200 9732
[05/Jun/2020 17:29:42] "GET /static/admin/css/base.css HTTP/1.1" 304 0
[05/Jun/2020 17:29:42] "GET /static/admin/css/dashboard.css HTTP/1.1" 304 0
[05/Jun/2020 17:29:43] "GET /static/admin/css/responsive.css HTTP/1.1" 304 0
[05/Jun/2020 17:29:43] "GET /static/admin/css/fonts.css HTTP/1.1" 304 0
[05/Jun/2020 17:29:43] "GET /static/admin/img/icon-changelink.svg HTTP/1.1" 304 0
[05/Jun/2020 17:29:43] "GET /static/admin/img/icon-addlink.svg HTTP/1.1" 304 0
[05/Jun/2020 17:29:43] "GET /static/admin/fonts/Roboto-Light-webfont.woff HTTP/1.1" 304 0
[05/Jun/2020 17:29:43] "GET /static/admin/fonts/Roboto-Bold-webfont.woff HTTP/1.1" 304 0
[05/Jun/2020 17:29:43] "GET /static/admin/fonts/Roboto-Regular-webfont.woff HTTP/1.1" 304 0
[05/Jun/2020 17:29:48] "GET /adminauth/user/ HTTP/1.1" 200 6630
[05/Jun/2020 17:29:48] "GET /static/admin/css/changelists.css HTTP/1.1" 304 0
[05/Jun/2020 17:29:48] "GET /static/admin/js/vendor/jquery/jquery.js HTTP/1.1" 304 0
[05/Jun/2020 17:29:48] "GET /static/admin/js/jquery.init.js HTTP/1.1" 304 0
[05/Jun/2020 17:29:48] "GET /static/admin/js/admin/RelatedObjectLookups.js HTTP/1.1" 304 0
[05/Jun/2020 17:29:48] "GET /static/admin/js/core.js HTTP/1.1" 304 0
[05/Jun/2020 17:29:48] "GET /adminjsi18n/ HTTP/1.1" 200 3185
[05/Jun/2020 17:29:48] "GET /static/admin/js/actions.js HTTP/1.1" 304 0
[05/Jun/2020 17:29:48] "GET /static/admin/js/urlify.js HTTP/1.1" 304 0
[05/Jun/2020 17:29:48] "GET /static/admin/js/prepopulate.js HTTP/1.1" 304 0
[05/Jun/2020 17:29:48] "GET /static/admin/js/vendor/xregexp/xregexp.js HTTP/1.1" 304 0
[05/Jun/2020 17:29:48] "GET /static/admin/img/search.svg HTTP/1.1" 200 458
[05/Jun/2020 17:29:48] "GET /static/admin/img/icon-yes.svg HTTP/1.1" 304 0
[05/Jun/2020 17:29:48] "GET /static/admin/img/tooltag-add.svg HTTP/1.1" 304 0
[05/Jun/2020 17:29:48] "GET /static/admin/img/sorting-icons.svg HTTP/1.1" 200 1097
[05/Jun/2020 17:29:51] "GET /adminauth/user/add/ HTTP/1.1" 200 5659
[05/Jun/2020 17:29:51] "GET /static/admin/css/forms.css HTTP/1.1" 304 0
[05/Jun/2020 17:29:51] "GET /static/admin/js/change_form.js HTTP/1.1" 304 0
[05/Jun/2020 17:29:51] "GET /static/admin/js/prepopulate_init.js HTTP/1.1" 304 0
[05/Jun/2020 17:29:51] "GET /adminjsi18n/ HTTP/1.1" 200 3185
[05/Jun/2020 17:29:51] "GET /static/admin/css/widgets.css HTTP/1.1" 304 0
[05/Jun/2020 17:30:07] "POST /adminauth/user/add/ HTTP/1.1" 200 5838
[05/Jun/2020 17:30:08] "GET /adminjsi18n/ HTTP/1.1" 200 3185
[05/Jun/2020 17:30:26] "POST /adminauth/user/add/ HTTP/1.1" 302 0
[05/Jun/2020 17:30:26] "GET /adminauth/user/2/change/ HTTP/1.1" 200 17100
[05/Jun/2020 17:30:26] "GET /static/admin/js/SelectBox.js HTTP/1.1" 200 5753
[05/Jun/2020 17:30:26] "GET /static/admin/js/calendar.js HTTP/1.1" 304 0
[05/Jun/2020 17:30:26] "GET /static/admin/js/SelectFilter2.js HTTP/1.1" 200 12712
[05/Jun/2020 17:30:26] "GET /static/admin/js/admin/DateTimeShortcuts.js HTTP/1.1" 304 0
[05/Jun/2020 17:30:26] "GET /adminjsi18n/ HTTP/1.1" 200 3185
[05/Jun/2020 17:30:27] "GET /static/admin/img/icon-unknown.svg HTTP/1.1" 200 655
[05/Jun/2020 17:30:27] "GET /static/admin/img/icon-unknown-alt.svg HTTP/1.1" 200 655
[05/Jun/2020 17:30:27] "GET /static/admin/img/selector-icons.svg HTTP/1.1" 200 3291
[05/Jun/2020 17:30:27] "GET /static/admin/img/icon-calendar.svg HTTP/1.1" 304 0
[05/Jun/2020 17:30:27] "GET /static/admin/img/icon-clock.svg HTTP/1.1" 304 0
[05/Jun/2020 17:31:54] "POST /adminauth/user/2/change/ HTTP/1.1" 302 0
[05/Jun/2020 17:31:54] "GET /adminauth/user/ HTTP/1.1" 200 7239
[05/Jun/2020 17:31:54] "GET /adminjsi18n/ HTTP/1.1" 200 3185
[05/Jun/2020 17:31:58] "GET /adminauth/user/1/change/ HTTP/1.1" 200 16996
[05/Jun/2020 17:31:59] "GET /adminjsi18n/ HTTP/1.1" 200 3185
[05/Jun/2020 17:32:03] "GET /adminauth/user/ HTTP/1.1" 200 7064
[05/Jun/2020 17:32:05] "GET /adminauth/user/1/change/ HTTP/1.1" 200 16996
[05/Jun/2020 17:32:05] "GET /adminjsi18n/ HTTP/1.1" 200 3185
[05/Jun/2020 17:32:15] "POST /adminauth/user/1/change/ HTTP/1.1" 302 0
[05/Jun/2020 17:32:15] "GET /adminauth/user/ HTTP/1.1" 200 7256
[05/Jun/2020 17:32:15] "GET /adminjsi18n/ HTTP/1.1" 200 3185
[05/Jun/2020 17:32:19] "GET /admin HTTP/1.1" 200 10575
[05/Jun/2020 17:32:23] "GET /adminuser/userprofile/ HTTP/1.1" 200 3202
[05/Jun/2020 17:32:23] "GET /adminjsi18n/ HTTP/1.1" 200 3185
[05/Jun/2020 17:32:25] "GET /adminuser/userprofile/add/ HTTP/1.1" 200 7932
[05/Jun/2020 17:32:25] "GET /adminjsi18n/ HTTP/1.1" 200 3185
[05/Jun/2020 17:32:33] "GET /adminuser/userprofile/ HTTP/1.1" 200 3202
[05/Jun/2020 17:32:34] "GET /admin HTTP/1.1" 200 10575
[05/Jun/2020 17:32:37] "GET /adminuser/year/ HTTP/1.1" 200 3365
[05/Jun/2020 17:32:37] "GET /adminjsi18n/ HTTP/1.1" 200 3185
[05/Jun/2020 17:32:39] "GET /adminuser/year/add/ HTTP/1.1" 200 3950
[05/Jun/2020 17:32:40] "GET /adminjsi18n/ HTTP/1.1" 200 3185
[05/Jun/2020 17:32:46] "POST /adminuser/year/add/ HTTP/1.1" 302 0
[05/Jun/2020 17:32:47] "GET /adminuser/year/add/ HTTP/1.1" 200 4154
[05/Jun/2020 17:32:47] "GET /adminjsi18n/ HTTP/1.1" 200 3185
[05/Jun/2020 17:32:53] "POST /adminuser/year/add/ HTTP/1.1" 302 0
[05/Jun/2020 17:32:53] "GET /adminuser/year/add/ HTTP/1.1" 200 4155
[05/Jun/2020 17:32:53] "GET /adminjsi18n/ HTTP/1.1" 200 3185
[05/Jun/2020 17:32:58] "POST /adminuser/year/add/ HTTP/1.1" 302 0
[05/Jun/2020 17:32:58] "GET /adminuser/year/add/ HTTP/1.1" 200 4154
[05/Jun/2020 17:32:59] "GET /adminjsi18n/ HTTP/1.1" 200 3185
[05/Jun/2020 17:33:03] "POST /adminuser/year/add/ HTTP/1.1" 302 0
[05/Jun/2020 17:33:03] "GET /adminuser/year/add/ HTTP/1.1" 200 4155
[05/Jun/2020 17:33:03] "GET /adminjsi18n/ HTTP/1.1" 200 3185
[05/Jun/2020 17:33:09] "POST /adminuser/year/add/ HTTP/1.1" 302 0
[05/Jun/2020 17:33:09] "GET /adminuser/year/add/ HTTP/1.1" 200 4154
[05/Jun/2020 17:33:09] "GET /adminjsi18n/ HTTP/1.1" 200 3185
[05/Jun/2020 17:33:12] "GET /admin HTTP/1.1" 200 11672
[05/Jun/2020 17:33:16] "GET /adminuser/department/ HTTP/1.1" 200 3407
[05/Jun/2020 17:33:16] "GET /adminjsi18n/ HTTP/1.1" 200 3185
[05/Jun/2020 17:33:18] "GET /adminuser/department/add/ HTTP/1.1" 200 3998
[05/Jun/2020 17:33:18] "GET /adminjsi18n/ HTTP/1.1" 200 3185
[05/Jun/2020 17:33:29] "POST /adminuser/department/add/ HTTP/1.1" 302 0
[05/Jun/2020 17:33:30] "GET /adminuser/department/add/ HTTP/1.1" 200 4220
[05/Jun/2020 17:33:30] "GET /adminjsi18n/ HTTP/1.1" 200 3185
[05/Jun/2020 17:33:36] "POST /adminuser/department/add/ HTTP/1.1" 302 0
[05/Jun/2020 17:33:36] "GET /adminuser/department/add/ HTTP/1.1" 200 4218
[05/Jun/2020 17:33:37] "GET /adminjsi18n/ HTTP/1.1" 200 3185
[05/Jun/2020 17:33:40] "POST /adminuser/department/add/ HTTP/1.1" 302 0
[05/Jun/2020 17:33:41] "GET /adminuser/department/add/ HTTP/1.1" 200 4218
[05/Jun/2020 17:33:41] "GET /adminjsi18n/ HTTP/1.1" 200 3185
[05/Jun/2020 17:33:44] "POST /adminuser/department/add/ HTTP/1.1" 302 0
[05/Jun/2020 17:33:45] "GET /adminuser/department/add/ HTTP/1.1" 200 4218
[05/Jun/2020 17:33:45] "GET /adminjsi18n/ HTTP/1.1" 200 3185
[05/Jun/2020 17:34:00] "POST /adminuser/department/add/ HTTP/1.1" 302 0
[05/Jun/2020 17:34:00] "GET /adminuser/department/add/ HTTP/1.1" 200 4219
[05/Jun/2020 17:34:01] "GET /adminjsi18n/ HTTP/1.1" 200 3185
[05/Jun/2020 17:34:04] "POST /adminuser/department/add/ HTTP/1.1" 302 0
[05/Jun/2020 17:34:05] "GET /adminuser/department/add/ HTTP/1.1" 200 4217
[05/Jun/2020 17:34:05] "GET /adminjsi18n/ HTTP/1.1" 200 3185
[05/Jun/2020 17:34:08] "POST /adminuser/department/add/ HTTP/1.1" 302 0
[05/Jun/2020 17:34:08] "GET /adminuser/department/add/ HTTP/1.1" 200 4217
[05/Jun/2020 17:34:09] "GET /adminjsi18n/ HTTP/1.1" 200 3185
[05/Jun/2020 17:34:17] "GET /adminuser/ HTTP/1.1" 200 3725
[05/Jun/2020 17:34:20] "GET /adminuser/section/ HTTP/1.1" 200 3386
[05/Jun/2020 17:34:20] "GET /adminjsi18n/ HTTP/1.1" 200 3185
[05/Jun/2020 17:34:22] "GET /adminuser/section/add/ HTTP/1.1" 200 3974
[05/Jun/2020 17:34:22] "GET /adminjsi18n/ HTTP/1.1" 200 3185
[05/Jun/2020 17:34:25] "POST /adminuser/section/add/ HTTP/1.1" 302 0
[05/Jun/2020 17:34:25] "GET /adminuser/section/add/ HTTP/1.1" 200 4183
[05/Jun/2020 17:34:25] "GET /adminjsi18n/ HTTP/1.1" 200 3185
[05/Jun/2020 17:34:28] "POST /adminuser/section/add/ HTTP/1.1" 302 0
[05/Jun/2020 17:34:28] "GET /adminuser/section/add/ HTTP/1.1" 200 4183
[05/Jun/2020 17:34:29] "GET /adminjsi18n/ HTTP/1.1" 200 3185
[05/Jun/2020 17:34:31] "POST /adminuser/section/add/ HTTP/1.1" 302 0
[05/Jun/2020 17:34:31] "GET /adminuser/section/add/ HTTP/1.1" 200 4183
[05/Jun/2020 17:34:32] "GET /adminjsi18n/ HTTP/1.1" 200 3185
[05/Jun/2020 17:34:34] "POST /adminuser/section/add/ HTTP/1.1" 302 0
[05/Jun/2020 17:34:34] "GET /adminuser/section/add/ HTTP/1.1" 200 4183
[05/Jun/2020 17:34:34] "GET /adminjsi18n/ HTTP/1.1" 200 3185
[05/Jun/2020 17:34:36] "POST /adminuser/section/add/ HTTP/1.1" 302 0
[05/Jun/2020 17:34:37] "GET /adminuser/section/ HTTP/1.1" 200 6111
[05/Jun/2020 17:34:37] "GET /adminjsi18n/ HTTP/1.1" 200 3185
[05/Jun/2020 17:34:40] "GET /adminuser/ HTTP/1.1" 200 3725
[05/Jun/2020 17:34:47] "GET /adminuser/userprofile/ HTTP/1.1" 200 4845
[05/Jun/2020 17:34:47] "GET /adminjsi18n/ HTTP/1.1" 200 3185
[05/Jun/2020 17:34:49] "GET /adminuser/userprofile/add/ HTTP/1.1" 200 8513
[05/Jun/2020 17:34:50] "GET /adminjsi18n/ HTTP/1.1" 200 3185
[05/Jun/2020 17:35:00] "POST /adminuser/userprofile/add/ HTTP/1.1" 302 0
[05/Jun/2020 17:35:00] "GET /adminuser/userprofile/add/ HTTP/1.1" 200 8747
[05/Jun/2020 17:35:00] "GET /adminjsi18n/ HTTP/1.1" 200 3185
[05/Jun/2020 17:35:10] "POST /adminuser/userprofile/add/ HTTP/1.1" 302 0
[05/Jun/2020 17:35:10] "GET /adminuser/userprofile/ HTTP/1.1" 200 7163
[05/Jun/2020 17:35:10] "GET /adminjsi18n/ HTTP/1.1" 200 3185
[05/Jun/2020 17:35:14] "GET /admin HTTP/1.1" 200 11683
[05/Jun/2020 17:35:23] "GET /adminquestion/quiz/ HTTP/1.1" 200 5640
[05/Jun/2020 17:35:23] "GET /adminjsi18n/ HTTP/1.1" 200 3185
[05/Jun/2020 17:35:27] "GET /admin HTTP/1.1" 200 11683
[05/Jun/2020 17:35:29] "GET /adminquestion/question/ HTTP/1.1" 200 5309
[05/Jun/2020 17:35:29] "GET /adminjsi18n/ HTTP/1.1" 200 3185
[05/Jun/2020 17:35:33] "POST /adminquestion/question/ HTTP/1.1" 200 3374
[05/Jun/2020 17:35:33] "GET /static/admin/js/cancel.js HTTP/1.1" 200 409
[05/Jun/2020 17:35:35] "POST /adminquestion/question/ HTTP/1.1" 302 0
[05/Jun/2020 17:35:35] "GET /adminquestion/question/ HTTP/1.1" 200 3832
[05/Jun/2020 17:35:35] "GET /adminjsi18n/ HTTP/1.1" 200 3185
[05/Jun/2020 17:35:37] "GET /adminquestion/question/ HTTP/1.1" 200 3708
[05/Jun/2020 17:35:39] "GET /adminquestion/ HTTP/1.1" 200 3771
[05/Jun/2020 17:35:41] "GET /adminquestion/question/ HTTP/1.1" 200 3708
[05/Jun/2020 17:35:41] "GET /adminjsi18n/ HTTP/1.1" 200 3185
[05/Jun/2020 17:35:43] "GET /adminquestion/ HTTP/1.1" 200 3771
[05/Jun/2020 17:35:47] "GET /adminquestion/quiz/ HTTP/1.1" 200 5640
[05/Jun/2020 17:35:48] "GET /adminjsi18n/ HTTP/1.1" 200 3185
[05/Jun/2020 17:35:51] "POST /adminquestion/quiz/ HTTP/1.1" 200 3349
[05/Jun/2020 17:35:53] "POST /adminquestion/quiz/ HTTP/1.1" 302 0
[05/Jun/2020 17:35:54] "GET /adminquestion/quiz/ HTTP/1.1" 200 3775
[05/Jun/2020 17:35:54] "GET /adminjsi18n/ HTTP/1.1" 200 3185
[05/Jun/2020 17:35:56] "GET /adminquestion/quiz/ HTTP/1.1" 200 3655
[05/Jun/2020 17:35:58] "GET /adminquestion/ HTTP/1.1" 200 3771
[05/Jun/2020 17:36:01] "GET /adminquestion/domain/ HTTP/1.1" 200 4531
[05/Jun/2020 17:36:01] "GET /adminjsi18n/ HTTP/1.1" 200 3185
[05/Jun/2020 17:36:05] "GET /admin HTTP/1.1" 200 11626
[05/Jun/2020 17:36:05] "GET /static/admin/img/icon-deletelink.svg HTTP/1.1" 200 392
[05/Jun/2020 17:36:12] "GET /adminauth/group/ HTTP/1.1" 200 3507
[05/Jun/2020 17:36:12] "GET /adminjsi18n/ HTTP/1.1" 200 3185
[05/Jun/2020 17:36:14] "GET /admin HTTP/1.1" 200 11626
[05/Jun/2020 17:36:16] "GET /adminauth/group/ HTTP/1.1" 200 3507
[05/Jun/2020 17:36:16] "GET /adminjsi18n/ HTTP/1.1" 200 3185
[05/Jun/2020 17:36:19] "GET /adminauth/group/add/ HTTP/1.1" 200 9574
[05/Jun/2020 17:36:19] "GET /adminjsi18n/ HTTP/1.1" 200 3185
[05/Jun/2020 17:36:28] "POST /adminauth/group/add/ HTTP/1.1" 302 0
[05/Jun/2020 17:36:28] "GET /adminauth/group/ HTTP/1.1" 200 4845
[05/Jun/2020 17:36:29] "GET /adminjsi18n/ HTTP/1.1" 200 3185
[05/Jun/2020 17:36:31] "GET /adminauth/group/add/ HTTP/1.1" 200 9574
[05/Jun/2020 17:36:32] "GET /adminjsi18n/ HTTP/1.1" 200 3185
[05/Jun/2020 17:36:59] "POST /adminauth/group/add/ HTTP/1.1" 302 0
[05/Jun/2020 17:36:59] "GET /adminauth/group/ HTTP/1.1" 200 5055
[05/Jun/2020 17:37:00] "GET /adminjsi18n/ HTTP/1.1" 200 3185
[05/Jun/2020 17:37:04] "GET /adminauth/ HTTP/1.1" 200 2968
[05/Jun/2020 17:37:06] "GET /adminauth/user/ HTTP/1.1" 200 7401
[05/Jun/2020 17:37:06] "GET /adminjsi18n/ HTTP/1.1" 200 3185
[05/Jun/2020 17:37:07] "GET /adminauth/user/1/change/ HTTP/1.1" 200 17114
[05/Jun/2020 17:37:08] "GET /adminjsi18n/ HTTP/1.1" 200 3185
[05/Jun/2020 17:37:15] "POST /adminauth/user/1/change/ HTTP/1.1" 302 0
[05/Jun/2020 17:37:16] "GET /adminauth/user/ HTTP/1.1" 200 7582
[05/Jun/2020 17:37:16] "GET /adminjsi18n/ HTTP/1.1" 200 3185
[05/Jun/2020 17:37:18] "GET /adminauth/user/2/change/ HTTP/1.1" 200 17515
[05/Jun/2020 17:37:19] "GET /adminjsi18n/ HTTP/1.1" 200 3185
[05/Jun/2020 17:37:25] "POST /adminauth/user/2/change/ HTTP/1.1" 302 0
[05/Jun/2020 17:37:25] "GET /adminauth/user/ HTTP/1.1" 200 7576
[05/Jun/2020 17:37:25] "GET /adminjsi18n/ HTTP/1.1" 200 3185
[05/Jun/2020 17:37:30] "GET /admin HTTP/1.1" 200 11634
[05/Jun/2020 17:37:39] "GET /adminlogout/ HTTP/1.1" 200 1208
[05/Jun/2020 17:37:41] "GET /admin HTTP/1.1" 302 0
[05/Jun/2020 17:37:41] "GET /adminlogin/?next=/admin HTTP/1.1" 200 1819
[05/Jun/2020 17:37:42] "GET /static/admin/css/login.css HTTP/1.1" 304 0
[05/Jun/2020 17:37:53] "POST /adminlogin/?next=/admin HTTP/1.1" 302 0
[05/Jun/2020 17:37:53] "GET /admin HTTP/1.1" 200 8389
[05/Jun/2020 17:37:58] "GET /adminauth/user/ HTTP/1.1" 200 7395
[05/Jun/2020 17:37:58] "GET /adminjsi18n/ HTTP/1.1" 200 3185
[05/Jun/2020 17:38:01] "GET /adminauth/user/add/ HTTP/1.1" 200 5653
[05/Jun/2020 17:38:01] "GET /adminjsi18n/ HTTP/1.1" 200 3185
[05/Jun/2020 17:38:03] "GET /adminauth/user/ HTTP/1.1" 200 7395
[05/Jun/2020 17:38:07] "GET /adminauth/user/add/ HTTP/1.1" 200 5653
[05/Jun/2020 17:38:07] "GET /adminjsi18n/ HTTP/1.1" 200 3185
[05/Jun/2020 17:38:39] "POST /adminauth/user/add/ HTTP/1.1" 302 0
[05/Jun/2020 17:38:40] "GET /adminauth/user/3/change/ HTTP/1.1" 200 16936
[05/Jun/2020 17:38:40] "GET /adminjsi18n/ HTTP/1.1" 200 3185
[05/Jun/2020 17:39:11] "POST /adminauth/user/3/change/ HTTP/1.1" 302 0
[05/Jun/2020 17:39:11] "GET /adminauth/user/ HTTP/1.1" 200 7984
[05/Jun/2020 17:39:11] "GET /adminjsi18n/ HTTP/1.1" 200 3185
[05/Jun/2020 17:39:11] "GET /static/admin/img/icon-no.svg HTTP/1.1" 200 560
[05/Jun/2020 17:39:17] "GET /adminauth/user/3/change/ HTTP/1.1" 200 17346
[05/Jun/2020 17:39:17] "GET /adminjsi18n/ HTTP/1.1" 200 3185
[05/Jun/2020 17:39:21] "POST /adminauth/user/3/change/ HTTP/1.1" 302 0
[05/Jun/2020 17:39:22] "GET /adminauth/user/ HTTP/1.1" 200 7984
[05/Jun/2020 17:39:22] "GET /adminjsi18n/ HTTP/1.1" 200 3185
[05/Jun/2020 17:39:24] "GET /adminauth/user/3/change/ HTTP/1.1" 200 17354
[05/Jun/2020 17:39:25] "GET /adminjsi18n/ HTTP/1.1" 200 3185
[05/Jun/2020 17:39:28] "POST /adminauth/user/3/change/ HTTP/1.1" 302 0
[05/Jun/2020 17:39:29] "GET /adminauth/user/ HTTP/1.1" 200 7984
[05/Jun/2020 17:39:29] "GET /adminjsi18n/ HTTP/1.1" 200 3185
[05/Jun/2020 17:39:36] "POST /adminauth/user/ HTTP/1.1" 200 8520
[05/Jun/2020 17:39:40] "POST /adminauth/user/ HTTP/1.1" 302 0
[05/Jun/2020 17:39:40] "GET /adminauth/user/ HTTP/1.1" 200 7515
[05/Jun/2020 17:39:41] "GET /adminjsi18n/ HTTP/1.1" 200 3185
[05/Jun/2020 17:39:45] "GET /adminauth/user/2/change/ HTTP/1.1" 200 17319
[05/Jun/2020 17:39:45] "GET /adminjsi18n/ HTTP/1.1" 200 3185
[05/Jun/2020 17:40:52] "GET /adminauth/user/2/history/ HTTP/1.1" 200 2743
[05/Jun/2020 17:40:53] "GET /static/admin/css/base.css HTTP/1.1" 304 0
[05/Jun/2020 17:40:55] "GET /admin HTTP/1.1" 200 9779
[05/Jun/2020 17:40:55] "GET /static/admin/css/dashboard.css HTTP/1.1" 304 0
[05/Jun/2020 17:40:55] "GET /static/admin/img/icon-addlink.svg HTTP/1.1" 304 0
[05/Jun/2020 17:40:55] "GET /static/admin/img/icon-changelink.svg HTTP/1.1" 304 0
[05/Jun/2020 17:41:03] "GET /adminlogout/ HTTP/1.1" 200 1208
Invalid HTTP_HOST header: 'quiz.internal.cloudapp.net:8000'. You may need to add 'quiz.internal.cloudapp.net' to ALLOWED_HOSTS.
Bad Request: /
[05/Jun/2020 19:05:10] "GET / HTTP/1.1" 400 60568
Invalid HTTP_HOST header: '13.76.250.131:8000'. You may need to add '13.76.250.131' to ALLOWED_HOSTS.
Bad Request: /
[05/Jun/2020 19:29:59] "GET / HTTP/1.1" 400 60779
Invalid HTTP_HOST header: 'quiz.internal.cloudapp.net:8000'. You may need to add 'quiz.internal.cloudapp.net' to ALLOWED_HOSTS.
Bad Request: /
[05/Jun/2020 20:14:40] "GET / HTTP/1.1" 400 60569
Invalid HTTP_HOST header: 'quiz.internal.cloudapp.net:8000'. You may need to add 'quiz.internal.cloudapp.net' to ALLOWED_HOSTS.
Bad Request: /
[05/Jun/2020 20:17:51] "GET / HTTP/1.1" 400 60568
Invalid HTTP_HOST header: 'quiz.internal.cloudapp.net:8000'. You may need to add 'quiz.internal.cloudapp.net' to ALLOWED_HOSTS.
Bad Request: /
[05/Jun/2020 20:19:38] "GET / HTTP/1.1" 400 60569
Invalid HTTP_HOST header: 'quiz.internal.cloudapp.net:8000'. You may need to add 'quiz.internal.cloudapp.net' to ALLOWED_HOSTS.
Bad Request: /
[06/Jun/2020 06:46:45] "GET / HTTP/1.1" 400 60566
Invalid HTTP_HOST header: '13.76.250.131:8000'. You may need to add '13.76.250.131' to ALLOWED_HOSTS.
Bad Request: /
[06/Jun/2020 08:42:04] "GET / HTTP/1.1" 400 60738
Not Found: /
[06/Jun/2020 09:29:17] "GET / HTTP/1.1" 404 4253
Not Found: /favicon.ico
[06/Jun/2020 09:29:17] "GET /favicon.ico HTTP/1.1" 404 4304
Invalid HTTP_HOST header: 'quiz.internal.cloudapp.net:8000'. You may need to add 'quiz.internal.cloudapp.net' to ALLOWED_HOSTS.
Bad Request: /
[06/Jun/2020 09:29:21] "GET / HTTP/1.1" 400 60568
Not Found: /
[06/Jun/2020 09:29:21] "GET / HTTP/1.1" 404 4253
Not Found: /
[06/Jun/2020 09:53:06] "GET / HTTP/1.1" 404 4253
[06/Jun/2020 09:53:14] "GET /admin HTTP/1.1" 302 0
[06/Jun/2020 09:53:15] "GET /adminlogin/?next=/admin HTTP/1.1" 200 1819
[06/Jun/2020 09:53:15] "GET /static/admin/css/base.css HTTP/1.1" 200 16225
[06/Jun/2020 09:53:15] "GET /static/admin/css/login.css HTTP/1.1" 200 1203
[06/Jun/2020 09:53:15] "GET /static/admin/css/responsive.css HTTP/1.1" 200 17976
[06/Jun/2020 09:53:15] "GET /static/admin/css/fonts.css HTTP/1.1" 200 423
[06/Jun/2020 09:53:15] "GET /static/admin/fonts/Roboto-Regular-webfont.woff HTTP/1.1" 200 80304
[06/Jun/2020 09:53:15] "GET /static/admin/fonts/Roboto-Light-webfont.woff HTTP/1.1" 200 81348
[06/Jun/2020 09:53:30] "POST /adminlogin/?next=/admin HTTP/1.1" 302 0
[06/Jun/2020 09:53:30] "GET /admin HTTP/1.1" 200 9779
[06/Jun/2020 09:53:31] "GET /static/admin/css/dashboard.css HTTP/1.1" 200 412
[06/Jun/2020 09:53:31] "GET /static/admin/img/icon-addlink.svg HTTP/1.1" 200 331
[06/Jun/2020 09:53:31] "GET /static/admin/img/icon-changelink.svg HTTP/1.1" 200 380
[06/Jun/2020 09:53:31] "GET /static/admin/img/icon-deletelink.svg HTTP/1.1" 200 392
[06/Jun/2020 09:53:31] "GET /static/admin/fonts/Roboto-Bold-webfont.woff HTTP/1.1" 200 82564
[06/Jun/2020 09:53:34] "GET /adminauth/user/ HTTP/1.1" 200 7395
[06/Jun/2020 09:53:35] "GET /static/admin/css/changelists.css HTTP/1.1" 200 6170
[06/Jun/2020 09:53:35] "GET /static/admin/js/jquery.init.js HTTP/1.1" 200 363
[06/Jun/2020 09:53:35] "GET /static/admin/js/core.js HTTP/1.1" 200 7099
[06/Jun/2020 09:53:35] "GET /adminjsi18n/ HTTP/1.1" 200 3185
[06/Jun/2020 09:53:35] "GET /static/admin/js/admin/RelatedObjectLookups.js HTTP/1.1" 200 6918
[06/Jun/2020 09:53:35] "GET /static/admin/js/actions.js HTTP/1.1" 200 6766
[06/Jun/2020 09:53:35] "GET /static/admin/js/vendor/jquery/jquery.js HTTP/1.1" 200 271817
[06/Jun/2020 09:53:35] "GET /static/admin/js/urlify.js HTTP/1.1" 200 8941
[06/Jun/2020 09:53:35] "GET /static/admin/js/prepopulate.js HTTP/1.1" 200 1530
[06/Jun/2020 09:53:35] "GET /static/admin/js/vendor/xregexp/xregexp.js HTTP/1.1" 200 128820
[06/Jun/2020 09:53:36] "GET /static/admin/img/search.svg HTTP/1.1" 200 458
[06/Jun/2020 09:53:36] "GET /static/admin/img/icon-yes.svg HTTP/1.1" 200 436
[06/Jun/2020 09:53:36] "GET /static/admin/img/tooltag-add.svg HTTP/1.1" 200 331
[06/Jun/2020 09:53:36] "GET /static/admin/img/sorting-icons.svg HTTP/1.1" 200 1097
[06/Jun/2020 09:53:44] "GET /admin HTTP/1.1" 200 9779
[06/Jun/2020 09:53:46] "GET /adminfeedback/rating/add/ HTTP/1.1" 200 7412
[06/Jun/2020 09:53:46] "GET /static/admin/css/forms.css HTTP/1.1" 200 8505
[06/Jun/2020 09:53:46] "GET /static/admin/js/change_form.js HTTP/1.1" 200 712
[06/Jun/2020 09:53:46] "GET /adminjsi18n/ HTTP/1.1" 200 3185
[06/Jun/2020 09:53:46] "GET /static/admin/js/prepopulate_init.js HTTP/1.1" 200 495
[06/Jun/2020 09:53:46] "GET /static/admin/css/widgets.css HTTP/1.1" 200 10340
[06/Jun/2020 09:53:47] "GET /admin HTTP/1.1" 200 9779
[06/Jun/2020 09:53:48] "GET /adminauth/user/add/ HTTP/1.1" 200 5653
[06/Jun/2020 09:53:48] "GET /adminjsi18n/ HTTP/1.1" 200 3185
[06/Jun/2020 09:54:19] "POST /adminauth/user/add/ HTTP/1.1" 302 0
[06/Jun/2020 09:54:19] "GET /adminauth/user/4/change/ HTTP/1.1" 200 16927
[06/Jun/2020 09:54:20] "GET /static/admin/js/SelectBox.js HTTP/1.1" 200 5753
[06/Jun/2020 09:54:20] "GET /static/admin/js/SelectFilter2.js HTTP/1.1" 200 12712
[06/Jun/2020 09:54:20] "GET /static/admin/js/calendar.js HTTP/1.1" 200 7777
[06/Jun/2020 09:54:20] "GET /static/admin/js/admin/DateTimeShortcuts.js HTTP/1.1" 200 20269
[06/Jun/2020 09:54:20] "GET /adminjsi18n/ HTTP/1.1" 200 3185
[06/Jun/2020 09:54:20] "GET /static/admin/img/icon-unknown.svg HTTP/1.1" 200 655
[06/Jun/2020 09:54:20] "GET /static/admin/img/selector-icons.svg HTTP/1.1" 200 3291
[06/Jun/2020 09:54:20] "GET /static/admin/img/icon-unknown-alt.svg HTTP/1.1" 200 655
[06/Jun/2020 09:54:20] "GET /static/admin/img/icon-calendar.svg HTTP/1.1" 200 1086
[06/Jun/2020 09:54:20] "GET /static/admin/img/icon-clock.svg HTTP/1.1" 200 677
[06/Jun/2020 09:55:41] "POST /adminauth/user/4/change/ HTTP/1.1" 302 0
[06/Jun/2020 09:55:41] "GET /adminauth/user/ HTTP/1.1" 200 7996
[06/Jun/2020 09:55:42] "GET /adminjsi18n/ HTTP/1.1" 200 3185
[06/Jun/2020 09:55:59] "GET /admin HTTP/1.1" 200 10330
[06/Jun/2020 09:56:02] "GET /adminquestion/question/add/ HTTP/1.1" 200 7252
[06/Jun/2020 09:56:02] "GET /adminjsi18n/ HTTP/1.1" 200 3185
[06/Jun/2020 09:56:06] "GET /admin HTTP/1.1" 200 10330
[06/Jun/2020 09:56:13] "GET /adminquestion/question/add/ HTTP/1.1" 200 7252
[06/Jun/2020 09:56:14] "GET /adminjsi18n/ HTTP/1.1" 200 3185
[06/Jun/2020 09:56:21] "GET /adminquestion/quiz/add/?_to_field=id&_popup=1 HTTP/1.1" 200 9767
[06/Jun/2020 09:56:21] "GET /adminjsi18n/ HTTP/1.1" 200 3185
[06/Jun/2020 09:56:33] "GET /adminquestion/quiz/add/?_to_field=id&_popup=1 HTTP/1.1" 200 9767
[06/Jun/2020 09:56:33] "GET /adminjsi18n/ HTTP/1.1" 200 3185
[06/Jun/2020 09:56:51] "GET /adminquestion/domain/add/?_to_field=id&_popup=1 HTTP/1.1" 200 3025
[06/Jun/2020 09:56:52] "GET /adminjsi18n/ HTTP/1.1" 200 3185
[06/Jun/2020 09:58:08] "GET /static/admin/img/calendar-icons.svg HTTP/1.1" 200 1094
[06/Jun/2020 09:58:46] "POST /adminquestion/quiz/add/?_to_field=id&_popup=1 HTTP/1.1" 200 10086
[06/Jun/2020 09:58:46] "GET /adminjsi18n/ HTTP/1.1" 200 3185
[06/Jun/2020 09:58:51] "GET /adminquestion/domain/add/?_to_field=id&_popup=1 HTTP/1.1" 200 3025
[06/Jun/2020 09:58:51] "GET /adminjsi18n/ HTTP/1.1" 200 3185
[06/Jun/2020 09:59:05] "POST /adminquestion/domain/add/?_to_field=id&_popup=1 HTTP/1.1" 200 362
[06/Jun/2020 09:59:06] "GET /static/admin/js/popup_response.js HTTP/1.1" 200 569
[06/Jun/2020 09:59:13] "POST /adminquestion/quiz/add/?_to_field=id&_popup=1 HTTP/1.1" 200 364
[06/Jun/2020 09:59:19] "GET /admin HTTP/1.1" 200 10900
[06/Jun/2020 09:59:22] "GET /adminquestion/domain/ HTTP/1.1" 200 4771
[06/Jun/2020 09:59:22] "GET /adminjsi18n/ HTTP/1.1" 200 3185
[06/Jun/2020 09:59:27] "GET /admin HTTP/1.1" 200 10900
[06/Jun/2020 09:59:29] "GET /adminquestion/quiz/ HTTP/1.1" 200 5890
[06/Jun/2020 09:59:29] "GET /adminjsi18n/ HTTP/1.1" 200 3185
[06/Jun/2020 09:59:32] "GET /admin HTTP/1.1" 200 10900
[06/Jun/2020 09:59:33] "GET /adminquestion/answer/ HTTP/1.1" 200 3571
[06/Jun/2020 09:59:34] "GET /adminjsi18n/ HTTP/1.1" 200 3185
[06/Jun/2020 09:59:34] "GET /admin HTTP/1.1" 200 10900
[06/Jun/2020 09:59:35] "GET /adminquestion/question/ HTTP/1.1" 200 3702
[06/Jun/2020 09:59:36] "GET /adminjsi18n/ HTTP/1.1" 200 3185
[06/Jun/2020 09:59:38] "GET /adminquestion/question/add/ HTTP/1.1" 200 7292
[06/Jun/2020 09:59:38] "GET /adminjsi18n/ HTTP/1.1" 200 3185
[06/Jun/2020 10:00:11] "GET /adminquestion/question/ HTTP/1.1" 200 3702
[06/Jun/2020 10:00:14] "GET /admin HTTP/1.1" 200 10900
Not Found: /
[06/Jun/2020 10:04:00] "GET / HTTP/1.1" 404 4253
Not Found: /
[06/Jun/2020 10:04:03] "GET / HTTP/1.1" 404 4253
Not Found: /ad
[06/Jun/2020 10:04:05] "GET /ad HTTP/1.1" 404 4277
Not Found: /adm
[06/Jun/2020 10:04:05] "GET /adm HTTP/1.1" 404 4280
Not Found: /admi
[06/Jun/2020 10:04:05] "GET /admi HTTP/1.1" 404 4283
[06/Jun/2020 10:04:05] "GET /admin HTTP/1.1" 302 0
[06/Jun/2020 10:04:05] "GET /adminlogin/?next=/admin HTTP/1.1" 200 1819
[06/Jun/2020 10:14:14] "GET /admin HTTP/1.1" 302 0
[06/Jun/2020 10:14:15] "GET /adminlogin/?next=/admin HTTP/1.1" 200 1819
[06/Jun/2020 10:14:25] "GET /static/admin/css/base.css HTTP/1.1" 200 16225
[06/Jun/2020 10:14:25] "GET /static/admin/css/login.css HTTP/1.1" 200 1203
[06/Jun/2020 10:14:25] "GET /static/admin/css/responsive.css HTTP/1.1" 200 17976
[06/Jun/2020 10:14:25] "GET /static/admin/css/fonts.css HTTP/1.1" 200 423
Not Found: /favicon.ico
[06/Jun/2020 10:14:26] "GET /favicon.ico HTTP/1.1" 404 4304
[06/Jun/2020 10:14:26] "GET /static/admin/fonts/Roboto-Light-webfont.woff HTTP/1.1" 200 81348
[06/Jun/2020 10:14:26] "GET /static/admin/fonts/Roboto-Regular-webfont.woff HTTP/1.1" 200 80304
[06/Jun/2020 10:15:11] "POST /adminlogin/?next=/admin HTTP/1.1" 302 0
[06/Jun/2020 10:15:11] "GET /admin HTTP/1.1" 200 1972
[06/Jun/2020 10:15:11] "GET /static/admin/css/dashboard.css HTTP/1.1" 200 412
[06/Jun/2020 10:15:11] "GET /static/admin/fonts/Roboto-Bold-webfont.woff HTTP/1.1" 200 82564
Not Found: /
[06/Jun/2020 10:15:32] "GET / HTTP/1.1" 404 4253
[06/Jun/2020 10:15:40] "GET /admin HTTP/1.1" 200 1972
[06/Jun/2020 10:15:48] "GET /adminauth/user/ HTTP/1.1" 200 7824
[06/Jun/2020 10:15:48] "GET /adminjsi18n/ HTTP/1.1" 200 3185
Invalid HTTP_HOST header: 'quiz.internal.cloudapp.net:8000'. You may need to add 'quiz.internal.cloudapp.net' to ALLOWED_HOSTS.
Bad Request: /
[06/Jun/2020 10:16:32] "GET / HTTP/1.1" 400 60569
[06/Jun/2020 10:17:05] "GET /adminlogout/ HTTP/1.1" 200 1208
[06/Jun/2020 10:17:15] "GET /admin HTTP/1.1" 302 0
[06/Jun/2020 10:17:16] "GET /adminlogin/?next=/admin HTTP/1.1" 200 1819
[06/Jun/2020 10:17:28] "POST /adminlogin/?next=/admin HTTP/1.1" 302 0
[06/Jun/2020 10:17:28] "GET /admin HTTP/1.1" 200 1972
[06/Jun/2020 10:17:42] "GET /adminlogout/ HTTP/1.1" 200 1208
[06/Jun/2020 10:17:49] "GET /adminauth/user/add/ HTTP/1.1" 200 5653
[06/Jun/2020 10:17:49] "GET /adminjsi18n/ HTTP/1.1" 200 3185
[06/Jun/2020 10:17:51] "GET /adminauth/user/ HTTP/1.1" 200 7824
[06/Jun/2020 10:18:05] "GET /adminauth/user/?is_staff__exact=0 HTTP/1.1" 200 5580
[06/Jun/2020 10:18:05] "GET /adminjsi18n/ HTTP/1.1" 200 3185
[06/Jun/2020 10:18:08] "GET /adminauth/user/ HTTP/1.1" 200 7824
[06/Jun/2020 10:19:25] "GET /admin HTTP/1.1" 302 0
[06/Jun/2020 10:19:25] "GET /adminlogin/?next=/admin HTTP/1.1" 200 1819
[06/Jun/2020 10:20:17] "GET /admin HTTP/1.1" 302 0
[06/Jun/2020 10:20:18] "GET /adminlogin/?next=/admin HTTP/1.1" 200 1819
[06/Jun/2020 10:20:19] "GET /static/admin/css/base.css HTTP/1.1" 304 0
[06/Jun/2020 10:20:20] "GET /static/admin/css/login.css HTTP/1.1" 304 0
[06/Jun/2020 10:20:20] "GET /static/admin/css/responsive.css HTTP/1.1" 304 0
[06/Jun/2020 10:20:20] "GET /static/admin/css/fonts.css HTTP/1.1" 304 0
[06/Jun/2020 10:20:25] "GET /static/admin/fonts/Roboto-Light-webfont.woff HTTP/1.1" 304 0
[06/Jun/2020 10:20:25] "GET /static/admin/fonts/Roboto-Regular-webfont.woff HTTP/1.1" 304 0
[06/Jun/2020 10:20:41] "POST /adminlogin/?next=/admin HTTP/1.1" 302 0
[06/Jun/2020 10:20:46] "GET /admin HTTP/1.1" 200 11634
[06/Jun/2020 10:20:55] "GET /static/admin/css/dashboard.css HTTP/1.1" 304 0
[06/Jun/2020 10:20:55] "GET /static/admin/img/icon-addlink.svg HTTP/1.1" 304 0
[06/Jun/2020 10:20:55] "GET /static/admin/img/icon-changelink.svg HTTP/1.1" 304 0
[06/Jun/2020 10:21:01] "GET /static/admin/img/icon-deletelink.svg HTTP/1.1" 304 0
[06/Jun/2020 10:21:01] "GET /static/admin/fonts/Roboto-Bold-webfont.woff HTTP/1.1" 304 0
[06/Jun/2020 10:21:11] "GET /adminauth/user/ HTTP/1.1" 200 7830
[06/Jun/2020 10:21:15] "GET /static/admin/css/changelists.css HTTP/1.1" 304 0
[06/Jun/2020 10:21:16] "GET /static/admin/js/vendor/jquery/jquery.js HTTP/1.1" 304 0
[06/Jun/2020 10:21:16] "GET /adminjsi18n/ HTTP/1.1" 200 3185
[06/Jun/2020 10:21:16] "GET /static/admin/js/jquery.init.js HTTP/1.1" 304 0
[06/Jun/2020 10:21:16] "GET /static/admin/js/core.js HTTP/1.1" 304 0
[06/Jun/2020 10:21:16] "GET /static/admin/js/admin/RelatedObjectLookups.js HTTP/1.1" 304 0
[06/Jun/2020 10:21:21] "GET /static/admin/js/actions.js HTTP/1.1" 304 0
[06/Jun/2020 10:21:21] "GET /static/admin/js/urlify.js HTTP/1.1" 304 0
[06/Jun/2020 10:21:21] "GET /static/admin/js/prepopulate.js HTTP/1.1" 304 0
[06/Jun/2020 10:21:22] "GET /static/admin/js/vendor/xregexp/xregexp.js HTTP/1.1" 304 0
[06/Jun/2020 10:21:25] "GET /static/admin/img/search.svg HTTP/1.1" 304 0
[06/Jun/2020 10:21:25] "GET /static/admin/img/icon-yes.svg HTTP/1.1" 304 0
[06/Jun/2020 10:21:25] "GET /static/admin/img/tooltag-add.svg HTTP/1.1" 304 0
[06/Jun/2020 10:21:25] "GET /static/admin/img/sorting-icons.svg HTTP/1.1" 304 0
[06/Jun/2020 10:21:55] "GET /adminauth/user/4/change/ HTTP/1.1" 200 17076
[06/Jun/2020 10:21:55] "GET /static/admin/css/forms.css HTTP/1.1" 304 0
[06/Jun/2020 10:21:55] "GET /static/admin/js/SelectBox.js HTTP/1.1" 304 0
[06/Jun/2020 10:21:55] "GET /adminjsi18n/ HTTP/1.1" 200 3185
[06/Jun/2020 10:21:56] "GET /static/admin/js/SelectFilter2.js HTTP/1.1" 304 0
[06/Jun/2020 10:21:56] "GET /static/admin/js/calendar.js HTTP/1.1" 304 0
[06/Jun/2020 10:21:56] "GET /static/admin/js/admin/DateTimeShortcuts.js HTTP/1.1" 304 0
[06/Jun/2020 10:21:56] "GET /static/admin/css/widgets.css HTTP/1.1" 304 0
[06/Jun/2020 10:21:56] "GET /static/admin/js/change_form.js HTTP/1.1" 304 0
[06/Jun/2020 10:21:56] "GET /static/admin/js/prepopulate_init.js HTTP/1.1" 304 0
[06/Jun/2020 10:21:56] "GET /static/admin/img/icon-unknown.svg HTTP/1.1" 304 0
[06/Jun/2020 10:21:56] "GET /static/admin/img/selector-icons.svg HTTP/1.1" 304 0
[06/Jun/2020 10:21:56] "GET /static/admin/img/icon-unknown-alt.svg HTTP/1.1" 304 0
[06/Jun/2020 10:21:56] "GET /static/admin/img/icon-clock.svg HTTP/1.1" 304 0
[06/Jun/2020 10:21:57] "GET /static/admin/img/icon-calendar.svg HTTP/1.1" 304 0
[06/Jun/2020 10:22:42] "POST /adminauth/user/4/change/ HTTP/1.1" 302 0
[06/Jun/2020 10:22:43] "GET /adminauth/user/ HTTP/1.1" 200 8002
[06/Jun/2020 10:22:43] "GET /adminjsi18n/ HTTP/1.1" 200 3185
[06/Jun/2020 10:22:58] "GET /admin HTTP/1.1" 302 0
[06/Jun/2020 10:22:59] "GET /adminlogin/?next=/admin HTTP/1.1" 200 1819
[06/Jun/2020 10:22:59] "GET /static/admin/css/base.css HTTP/1.1" 200 16225
[06/Jun/2020 10:22:59] "GET /static/admin/css/login.css HTTP/1.1" 200 1203
[06/Jun/2020 10:22:59] "GET /static/admin/css/responsive.css HTTP/1.1" 200 17976
[06/Jun/2020 10:22:59] "GET /static/admin/css/fonts.css HTTP/1.1" 200 423
[06/Jun/2020 10:23:00] "GET /static/admin/fonts/Roboto-Light-webfont.woff HTTP/1.1" 200 81348
[06/Jun/2020 10:23:00] "GET /static/admin/fonts/Roboto-Regular-webfont.woff HTTP/1.1" 200 80304
[06/Jun/2020 10:23:10] "POST /adminlogin/?next=/admin HTTP/1.1" 302 0
[06/Jun/2020 10:23:10] "GET /admin HTTP/1.1" 200 8388
[06/Jun/2020 10:23:11] "GET /static/admin/css/dashboard.css HTTP/1.1" 200 412
[06/Jun/2020 10:23:11] "GET /static/admin/img/icon-addlink.svg HTTP/1.1" 200 331
[06/Jun/2020 10:23:11] "GET /static/admin/img/icon-changelink.svg HTTP/1.1" 200 380
[06/Jun/2020 10:23:11] "GET /static/admin/fonts/Roboto-Bold-webfont.woff HTTP/1.1" 200 82564
[06/Jun/2020 10:23:36] "GET /adminquestion/quiz/ HTTP/1.1" 200 5889
[06/Jun/2020 10:23:36] "GET /static/admin/css/changelists.css HTTP/1.1" 200 6170
[06/Jun/2020 10:23:36] "GET /static/admin/js/jquery.init.js HTTP/1.1" 200 363
[06/Jun/2020 10:23:36] "GET /adminjsi18n/ HTTP/1.1" 200 3185
[06/Jun/2020 10:23:37] "GET /static/admin/js/core.js HTTP/1.1" 200 7099
[06/Jun/2020 10:23:37] "GET /static/admin/js/admin/RelatedObjectLookups.js HTTP/1.1" 200 6918
[06/Jun/2020 10:23:37] "GET /static/admin/js/actions.js HTTP/1.1" 200 6766
[06/Jun/2020 10:23:37] "GET /static/admin/js/urlify.js HTTP/1.1" 200 8941
[06/Jun/2020 10:23:37] "GET /static/admin/js/prepopulate.js HTTP/1.1" 200 1530
[06/Jun/2020 10:23:37] "GET /static/admin/js/vendor/jquery/jquery.js HTTP/1.1" 200 271817
[06/Jun/2020 10:23:37] "GET /static/admin/js/vendor/xregexp/xregexp.js HTTP/1.1" 200 128820
[06/Jun/2020 10:23:37] "GET /static/admin/img/tooltag-add.svg HTTP/1.1" 200 331
[06/Jun/2020 10:23:40] "GET /admin HTTP/1.1" 200 8388
[06/Jun/2020 10:23:42] "GET /adminquestion/domain/ HTTP/1.1" 200 4770
[06/Jun/2020 10:23:42] "GET /adminjsi18n/ HTTP/1.1" 200 3185
[06/Jun/2020 10:23:45] "GET /admin HTTP/1.1" 200 8388
[06/Jun/2020 10:23:48] "GET /adminquestion/question/ HTTP/1.1" 200 3701
[06/Jun/2020 10:23:49] "GET /adminjsi18n/ HTTP/1.1" 200 3185
[06/Jun/2020 10:23:50] "GET /admin HTTP/1.1" 200 8388
[06/Jun/2020 10:23:52] "GET /adminlogin/?next=/admin HTTP/1.1" 302 0
[06/Jun/2020 10:23:52] "GET /admin HTTP/1.1" 200 8388
[06/Jun/2020 10:23:54] "GET /adminquestion/question/ HTTP/1.1" 200 3701
[06/Jun/2020 10:23:54] "GET /adminjsi18n/ HTTP/1.1" 200 3185
[06/Jun/2020 10:23:56] "GET /admin HTTP/1.1" 200 8388
[06/Jun/2020 10:26:23] "POST /adminlogin/?next=/admin HTTP/1.1" 302 0
[06/Jun/2020 10:26:24] "GET /admin HTTP/1.1" 200 8388
[06/Jun/2020 10:26:24] "GET /static/admin/img/icon-addlink.svg HTTP/1.1" 200 331
[06/Jun/2020 10:26:24] "GET /static/admin/img/icon-changelink.svg HTTP/1.1" 200 380
[06/Jun/2020 10:26:34] "GET /admin HTTP/1.1" 200 10900
[06/Jun/2020 10:26:37] "GET /adminquestion/quiz/ HTTP/1.1" 200 5890
[06/Jun/2020 10:26:37] "GET /adminjsi18n/ HTTP/1.1" 200 3185
[06/Jun/2020 10:26:38] "GET /adminquestion/quiz/ HTTP/1.1" 200 5889
[06/Jun/2020 10:26:39] "GET /static/admin/css/changelists.css HTTP/1.1" 200 6170
[06/Jun/2020 10:26:39] "GET /static/admin/js/jquery.init.js HTTP/1.1" 200 363
[06/Jun/2020 10:26:39] "GET /static/admin/js/core.js HTTP/1.1" 200 7099
[06/Jun/2020 10:26:39] "GET /adminjsi18n/ HTTP/1.1" 200 3185
[06/Jun/2020 10:26:39] "GET /static/admin/js/admin/RelatedObjectLookups.js HTTP/1.1" 200 6918
[06/Jun/2020 10:26:39] "GET /static/admin/js/actions.js HTTP/1.1" 200 6766
[06/Jun/2020 10:26:39] "GET /static/admin/js/urlify.js HTTP/1.1" 200 8941
[06/Jun/2020 10:26:39] "GET /static/admin/js/prepopulate.js HTTP/1.1" 200 1530
[06/Jun/2020 10:26:41] "GET /static/admin/js/vendor/xregexp/xregexp.js HTTP/1.1" 200 128820
[06/Jun/2020 10:26:42] "GET /static/admin/js/vendor/jquery/jquery.js HTTP/1.1" 200 271817
[06/Jun/2020 10:26:42] "GET /static/admin/img/tooltag-add.svg HTTP/1.1" 200 331
[06/Jun/2020 10:27:22] "GET /adminquestion/quiz/add/ HTTP/1.1" 200 10753
[06/Jun/2020 10:27:23] "GET /static/admin/js/calendar.js HTTP/1.1" 200 7777
[06/Jun/2020 10:27:23] "GET /static/admin/css/forms.css HTTP/1.1" 200 8505
[06/Jun/2020 10:27:23] "GET /static/admin/js/admin/DateTimeShortcuts.js HTTP/1.1" 200 20269
[06/Jun/2020 10:27:23] "GET /adminjsi18n/ HTTP/1.1" 200 3185
[06/Jun/2020 10:27:23] "GET /static/admin/css/widgets.css HTTP/1.1" 200 10340
[06/Jun/2020 10:27:23] "GET /static/admin/js/change_form.js HTTP/1.1" 200 712
[06/Jun/2020 10:27:23] "GET /static/admin/js/prepopulate_init.js HTTP/1.1" 200 495
[06/Jun/2020 10:27:23] "GET /static/admin/img/icon-calendar.svg HTTP/1.1" 200 1086
[06/Jun/2020 10:27:23] "GET /static/admin/img/icon-clock.svg HTTP/1.1" 200 677
[06/Jun/2020 10:27:25] "GET /adminquestion/quiz/add/ HTTP/1.1" 200 10754
[06/Jun/2020 10:27:26] "GET /adminjsi18n/ HTTP/1.1" 200 3185
[06/Jun/2020 10:28:00] "GET /static/admin/img/calendar-icons.svg HTTP/1.1" 200 1094
[06/Jun/2020 10:28:31] "GET /adminquestion/quiz/ HTTP/1.1" 200 5890
[06/Jun/2020 10:28:31] "POST /adminquestion/quiz/add/ HTTP/1.1" 302 0
[06/Jun/2020 10:28:32] "GET /adminquestion/quiz/ HTTP/1.1" 200 6456
[06/Jun/2020 10:28:32] "GET /adminjsi18n/ HTTP/1.1" 200 3185
[06/Jun/2020 10:28:33] "GET /static/admin/img/icon-yes.svg HTTP/1.1" 200 436
[06/Jun/2020 10:28:34] "GET /admin HTTP/1.1" 200 10900
[06/Jun/2020 10:28:38] "GET /admin HTTP/1.1" 200 8705
[06/Jun/2020 10:28:40] "GET /adminquestion/question/ HTTP/1.1" 200 3968
[06/Jun/2020 10:28:40] "GET /adminjsi18n/ HTTP/1.1" 200 3185
[06/Jun/2020 10:28:42] "GET /adminquestion/question/ HTTP/1.1" 200 3967
[06/Jun/2020 10:28:42] "GET /adminjsi18n/ HTTP/1.1" 200 3185
[06/Jun/2020 10:28:43] "GET /adminquestion/question/?quiz_id__id__exact=2 HTTP/1.1" 200 4106
[06/Jun/2020 10:28:44] "GET /adminjsi18n/ HTTP/1.1" 200 3185
[06/Jun/2020 10:28:46] "GET /adminquestion/question/?quiz_id__id__exact=2 HTTP/1.1" 200 4106
[06/Jun/2020 10:28:46] "GET /adminjsi18n/ HTTP/1.1" 200 3185
[06/Jun/2020 10:28:47] "GET /adminquestion/question/?quiz_id__id__exact=2 HTTP/1.1" 200 4105
[06/Jun/2020 10:28:47] "GET /adminjsi18n/ HTTP/1.1" 200 3185
[06/Jun/2020 10:28:51] "GET /adminquestion/question/?quiz_id__id__exact=2 HTTP/1.1" 200 4106
[06/Jun/2020 10:28:51] "GET /adminjsi18n/ HTTP/1.1" 200 3185
[06/Jun/2020 10:28:52] "GET /adminquestion/question/?quiz_id__id__exact=2 HTTP/1.1" 200 4105
[06/Jun/2020 10:28:52] "GET /adminjsi18n/ HTTP/1.1" 200 3185
[06/Jun/2020 10:28:54] "GET /adminquestion/question/?quiz_id__id__exact=2 HTTP/1.1" 200 4105
[06/Jun/2020 10:28:54] "GET /adminjsi18n/ HTTP/1.1" 200 3185
[06/Jun/2020 10:28:55] "GET /adminquestion/question/?quiz_id__id__exact=2 HTTP/1.1" 200 4106
[06/Jun/2020 10:28:55] "GET /adminjsi18n/ HTTP/1.1" 200 3185
[06/Jun/2020 10:28:58] "GET /adminquestion/question/?quiz_id__id__exact=2 HTTP/1.1" 200 4106
[06/Jun/2020 10:28:58] "GET /adminjsi18n/ HTTP/1.1" 200 3185
[06/Jun/2020 10:28:59] "GET /adminquestion/question/ HTTP/1.1" 200 3968
[06/Jun/2020 10:29:02] "GET /admin HTTP/1.1" 200 10900
[06/Jun/2020 10:29:07] "GET /adminquestion/question/ HTTP/1.1" 200 3968
[06/Jun/2020 10:29:07] "GET /adminjsi18n/ HTTP/1.1" 200 3185
[06/Jun/2020 10:29:09] "GET /adminquestion/question/add/ HTTP/1.1" 200 7332
[06/Jun/2020 10:29:09] "GET /adminjsi18n/ HTTP/1.1" 200 3185
[06/Jun/2020 10:29:14] "GET /adminquestion/question/add/?_changelist_filters=quiz_id__id__exact%3D2 HTTP/1.1" 200 7374
[06/Jun/2020 10:29:14] "GET /adminjsi18n/ HTTP/1.1" 200 3185
[06/Jun/2020 10:30:21] "GET /adminquestion/question/ HTTP/1.1" 200 3968
[06/Jun/2020 10:30:22] "POST /adminquestion/question/add/?_changelist_filters=quiz_id__id__exact%3D2 HTTP/1.1" 302 0
[06/Jun/2020 10:30:22] "GET /adminquestion/question/?quiz_id__id__exact=2 HTTP/1.1" 200 5988
[06/Jun/2020 10:30:22] "GET /adminjsi18n/ HTTP/1.1" 200 3185
[06/Jun/2020 10:30:24] "GET /admin HTTP/1.1" 200 10900
[06/Jun/2020 10:30:34] "GET /adminquestion/question/ HTTP/1.1" 200 5549
[06/Jun/2020 10:30:34] "GET /adminjsi18n/ HTTP/1.1" 200 3185
[06/Jun/2020 10:30:36] "GET /adminquestion/ HTTP/1.1" 200 3764
[06/Jun/2020 10:30:39] "GET /adminquestion/question/ HTTP/1.1" 200 5548
[06/Jun/2020 10:30:40] "GET /adminquestion/question/add/ HTTP/1.1" 200 7332
[06/Jun/2020 10:30:40] "GET /adminjsi18n/ HTTP/1.1" 200 3185
[06/Jun/2020 10:30:40] "GET /adminjsi18n/ HTTP/1.1" 200 3185
[06/Jun/2020 10:30:43] "GET /adminquestion/question/2/change/ HTTP/1.1" 200 7577
[06/Jun/2020 10:30:43] "GET /adminjsi18n/ HTTP/1.1" 200 3185
[06/Jun/2020 10:30:47] "POST /adminquestion/question/2/change/ HTTP/1.1" 302 0
[06/Jun/2020 10:30:48] "GET /adminquestion/question/ HTTP/1.1" 200 5734
[06/Jun/2020 10:30:48] "GET /adminjsi18n/ HTTP/1.1" 200 3185
[06/Jun/2020 10:30:54] "GET /adminquestion/question/ HTTP/1.1" 200 5549
[06/Jun/2020 10:30:56] "GET /admin HTTP/1.1" 200 10900
[06/Jun/2020 10:31:02] "GET /adminquestion/answer/ HTTP/1.1" 200 3837
[06/Jun/2020 10:31:02] "GET /adminquestion/answer/ HTTP/1.1" 200 3837
Not Found: /
[06/Jun/2020 10:31:03] "GET / HTTP/1.1" 404 4253
[06/Jun/2020 10:31:03] "GET /adminjsi18n/ HTTP/1.1" 200 3185
[06/Jun/2020 10:31:05] "GET /adminquestion/answer/add/ HTTP/1.1" 200 7434
[06/Jun/2020 10:31:05] "GET /adminjsi18n/ HTTP/1.1" 200 3185
[06/Jun/2020 10:31:07] "GET /admin HTTP/1.1" 200 9284
[06/Jun/2020 10:31:09] "GET /adminquestion/answer/ HTTP/1.1" 200 3836
[06/Jun/2020 10:31:09] "GET /adminjsi18n/ HTTP/1.1" 200 3185
[06/Jun/2020 10:31:13] "GET /adminquestion/answer/add/ HTTP/1.1" 200 7433
[06/Jun/2020 10:31:14] "GET /adminjsi18n/ HTTP/1.1" 200 3185
[06/Jun/2020 10:31:28] "POST /adminquestion/answer/add/ HTTP/1.1" 302 0
[06/Jun/2020 10:31:28] "GET /adminquestion/answer/ HTTP/1.1" 200 5837
[06/Jun/2020 10:31:29] "GET /adminjsi18n/ HTTP/1.1" 200 3185
[06/Jun/2020 10:31:31] "GET /adminquestion/answer/ HTTP/1.1" 200 5657
[06/Jun/2020 10:31:32] "GET /admin HTTP/1.1" 200 10900
[06/Jun/2020 10:31:35] "GET /admin HTTP/1.1" 200 9569
[06/Jun/2020 10:31:53] "GET /adminquestion/domain/ HTTP/1.1" 200 4771
[06/Jun/2020 10:31:54] "GET /adminjsi18n/ HTTP/1.1" 200 3185
[06/Jun/2020 10:31:56] "GET /adminquestion/domain/ HTTP/1.1" 200 4770
[06/Jun/2020 10:31:56] "GET /adminjsi18n/ HTTP/1.1" 200 3185
[06/Jun/2020 10:32:01] "GET /admin HTTP/1.1" 200 10900
[06/Jun/2020 10:32:05] "GET /adminquestion/ HTTP/1.1" 200 3764
[06/Jun/2020 10:32:05] "GET /adminscore/useranswer/ HTTP/1.1" 200 3844
[06/Jun/2020 10:32:05] "GET /adminjsi18n/ HTTP/1.1" 200 3185
[06/Jun/2020 10:32:07] "GET /admin HTTP/1.1" 200 9569
[06/Jun/2020 10:32:10] "GET /adminscore/useranswer/ HTTP/1.1" 200 3843
[06/Jun/2020 10:32:11] "GET /adminjsi18n/ HTTP/1.1" 200 3185
[06/Jun/2020 10:32:12] "GET /admin HTTP/1.1" 200 10900
[06/Jun/2020 10:32:14] "GET /adminuser/userprofile/ HTTP/1.1" 200 6969
[06/Jun/2020 10:32:14] "GET /adminjsi18n/ HTTP/1.1" 200 3185
[06/Jun/2020 10:32:23] "GET /admin HTTP/1.1" 200 9569
[06/Jun/2020 10:32:27] "GET /adminuser/userprofile/ HTTP/1.1" 200 6968
[06/Jun/2020 10:32:28] "GET /adminjsi18n/ HTTP/1.1" 200 3185
[06/Jun/2020 10:32:35] "GET /admin HTTP/1.1" 200 10900
[06/Jun/2020 10:32:35] "GET /adminuser/userprofile/add/ HTTP/1.1" 200 8540
[06/Jun/2020 10:32:36] "GET /adminjsi18n/ HTTP/1.1" 200 3185
[06/Jun/2020 10:32:40] "GET /adminuser/year/ HTTP/1.1" 200 5980
[06/Jun/2020 10:32:40] "GET /adminjsi18n/ HTTP/1.1" 200 3185
[06/Jun/2020 10:32:41] "GET /admin HTTP/1.1" 200 9569
[06/Jun/2020 10:32:42] "GET /admin HTTP/1.1" 200 10900
[06/Jun/2020 10:32:44] "GET /adminscore/userscore/ HTTP/1.1" 200 3938
[06/Jun/2020 10:32:44] "GET /adminjsi18n/ HTTP/1.1" 200 3185
[06/Jun/2020 10:32:45] "GET /adminuser/userprofile/ HTTP/1.1" 200 6968
[06/Jun/2020 10:32:45] "GET /adminjsi18n/ HTTP/1.1" 200 3185
[06/Jun/2020 10:32:47] "GET /admin HTTP/1.1" 200 10900
[06/Jun/2020 10:33:16] "GET /adminquestion/quiz/ HTTP/1.1" 200 6277
[06/Jun/2020 10:33:17] "GET /adminjsi18n/ HTTP/1.1" 200 3185
[06/Jun/2020 10:33:18] "GET /admin HTTP/1.1" 200 9569
[06/Jun/2020 10:33:21] "GET /adminquestion/quiz/ HTTP/1.1" 200 6276
[06/Jun/2020 10:33:21] "GET /adminjsi18n/ HTTP/1.1" 200 3185
[06/Jun/2020 10:33:25] "GET /admin HTTP/1.1" 200 10900
[06/Jun/2020 10:33:27] "GET /adminquestion/question/ HTTP/1.1" 200 5549
[06/Jun/2020 10:33:27] "GET /adminjsi18n/ HTTP/1.1" 200 3185
[06/Jun/2020 10:33:30] "GET /admin HTTP/1.1" 200 9569
[06/Jun/2020 10:33:32] "GET /adminquestion/question/ HTTP/1.1" 200 5548
[06/Jun/2020 10:33:33] "GET /adminjsi18n/ HTTP/1.1" 200 3185
[06/Jun/2020 10:33:35] "GET /adminquestion/question/2/change/ HTTP/1.1" 200 7577
[06/Jun/2020 10:33:35] "GET /adminjsi18n/ HTTP/1.1" 200 3185
[06/Jun/2020 10:33:35] "GET /admin HTTP/1.1" 200 10900
[06/Jun/2020 10:33:37] "GET /admin HTTP/1.1" 200 9569
Not Found: /
[06/Jun/2020 10:34:34] "GET / HTTP/1.1" 404 4253
[06/Jun/2020 10:34:50] "GET /admin HTTP/1.1" 200 9569
[06/Jun/2020 10:36:16] "GET /admin HTTP/1.1" 200 9569
[06/Jun/2020 10:36:21] "GET /adminquestion/quiz/ HTTP/1.1" 200 6276
[06/Jun/2020 10:36:22] "GET /adminjsi18n/ HTTP/1.1" 200 3185
[06/Jun/2020 10:36:27] "GET /admin HTTP/1.1" 200 9569
[06/Jun/2020 10:36:36] "GET /adminquestion/question/ HTTP/1.1" 200 5548
[06/Jun/2020 10:36:36] "GET /adminquestion/question/ HTTP/1.1" 200 5549
[06/Jun/2020 10:36:36] "GET /adminjsi18n/ HTTP/1.1" 200 3185
[06/Jun/2020 10:36:36] "GET /adminjsi18n/ HTTP/1.1" 200 3185
[06/Jun/2020 10:36:39] "GET /adminquestion/question/2/change/ HTTP/1.1" 200 7577
[06/Jun/2020 10:36:39] "GET /adminjsi18n/ HTTP/1.1" 200 3185
[06/Jun/2020 10:36:42] "GET /adminquestion/question/2/delete/ HTTP/1.1" 200 3326
[06/Jun/2020 10:36:43] "GET /static/admin/js/cancel.js HTTP/1.1" 200 409
[06/Jun/2020 10:36:45] "POST /adminquestion/question/2/delete/ HTTP/1.1" 302 0
[06/Jun/2020 10:36:46] "GET /adminquestion/question/ HTTP/1.1" 200 4115
[06/Jun/2020 10:36:46] "GET /adminjsi18n/ HTTP/1.1" 200 3185
[06/Jun/2020 10:36:48] "GET /adminquestion/question/ HTTP/1.1" 200 3968
[06/Jun/2020 10:36:48] "GET /admin HTTP/1.1" 200 10900
[06/Jun/2020 10:36:50] "GET /adminquestion/question/ HTTP/1.1" 200 3968
[06/Jun/2020 10:36:51] "GET /adminjsi18n/ HTTP/1.1" 200 3185
[06/Jun/2020 10:37:00] "GET /adminquestion/question/add/ HTTP/1.1" 200 7331
[06/Jun/2020 10:37:01] "GET /adminjsi18n/ HTTP/1.1" 200 3185
[06/Jun/2020 10:37:13] "GET /admin HTTP/1.1" 200 10900
[06/Jun/2020 10:37:20] "GET /admin HTTP/1.1" 200 9812
[06/Jun/2020 10:37:20] "GET /static/admin/img/icon-deletelink.svg HTTP/1.1" 200 392
[06/Jun/2020 10:37:21] "GET /adminquestion/answer/ HTTP/1.1" 200 3836
[06/Jun/2020 10:37:22] "GET /adminjsi18n/ HTTP/1.1" 200 3185
[06/Jun/2020 10:37:24] "GET /adminquestion/answer/?quiz_id__id__exact=2 HTTP/1.1" 200 3949
[06/Jun/2020 10:37:25] "GET /adminjsi18n/ HTTP/1.1" 200 3185
[06/Jun/2020 10:37:27] "GET /admin HTTP/1.1" 200 9812
[06/Jun/2020 10:37:34] "GET /adminquestion/domain/ HTTP/1.1" 200 4770
[06/Jun/2020 10:37:34] "GET /adminjsi18n/ HTTP/1.1" 200 3185
[06/Jun/2020 10:37:45] "GET /adminquestion/domain/2/change/ HTTP/1.1" 200 4207
[06/Jun/2020 10:37:45] "GET /adminjsi18n/ HTTP/1.1" 200 3185
[06/Jun/2020 10:37:48] "GET /admin HTTP/1.1" 200 9812
[06/Jun/2020 10:38:28] "GET /adminlogout/ HTTP/1.1" 200 1208
[06/Jun/2020 10:38:30] "GET /admin HTTP/1.1" 302 0
[06/Jun/2020 10:38:30] "GET /adminlogin/?next=/admin HTTP/1.1" 200 1819
[06/Jun/2020 10:38:42] "POST /adminlogin/?next=/admin HTTP/1.1" 302 0
[06/Jun/2020 10:38:42] "GET /admin HTTP/1.1" 200 9812
[06/Jun/2020 10:39:01] "GET /adminquestion/quiz/ HTTP/1.1" 200 6276
[06/Jun/2020 10:39:07] "GET /adminjsi18n/ HTTP/1.1" 200 3185
[06/Jun/2020 10:39:12] "GET /admin HTTP/1.1" 200 9812
[06/Jun/2020 10:39:13] "GET /adminquestion/question/ HTTP/1.1" 200 3968
[06/Jun/2020 10:39:13] "GET /adminjsi18n/ HTTP/1.1" 200 3185
[06/Jun/2020 10:39:14] "GET /adminquestion/question/ HTTP/1.1" 200 3967
[06/Jun/2020 10:39:15] "GET /admin HTTP/1.1" 200 10900
[06/Jun/2020 10:39:15] "GET /adminjsi18n/ HTTP/1.1" 200 3185
[06/Jun/2020 10:39:17] "GET /adminquestion/question/add/ HTTP/1.1" 200 7331
[06/Jun/2020 10:39:17] "GET /adminjsi18n/ HTTP/1.1" 200 3185
[06/Jun/2020 10:39:20] "GET /admin HTTP/1.1" 200 9812
[06/Jun/2020 10:39:32] "GET /adminquestion/quiz/ HTTP/1.1" 200 6276
[06/Jun/2020 10:39:32] "GET /adminjsi18n/ HTTP/1.1" 200 3185
[06/Jun/2020 10:40:05] "GET /adminquestion/question/ HTTP/1.1" 200 3968
[06/Jun/2020 10:40:06] "GET /adminjsi18n/ HTTP/1.1" 200 3185
[06/Jun/2020 10:40:09] "GET /adminquestion/question/add/ HTTP/1.1" 200 7332
[06/Jun/2020 10:40:09] "GET /adminjsi18n/ HTTP/1.1" 200 3185
[06/Jun/2020 10:40:10] "GET /admin HTTP/1.1" 200 9812
[06/Jun/2020 10:40:16] "GET /adminquestion/question/ HTTP/1.1" 200 3967
[06/Jun/2020 10:40:16] "GET /adminjsi18n/ HTTP/1.1" 200 3185
[06/Jun/2020 10:40:20] "GET /adminquestion/question/?quiz_id__id__exact=2 HTTP/1.1" 200 4105
[06/Jun/2020 10:40:21] "GET /adminjsi18n/ HTTP/1.1" 200 3185
[06/Jun/2020 10:40:25] "GET /adminquestion/question/add/?_changelist_filters=quiz_id__id__exact%3D2 HTTP/1.1" 200 7374
[06/Jun/2020 10:40:26] "GET /adminjsi18n/ HTTP/1.1" 200 3185
[06/Jun/2020 10:40:45] "POST /adminquestion/question/add/?_changelist_filters=quiz_id__id__exact%3D2 HTTP/1.1" 302 0
[06/Jun/2020 10:40:46] "GET /adminquestion/question/3/change/?_changelist_filters=quiz_id__id__exact%3D2 HTTP/1.1" 200 7919
[06/Jun/2020 10:40:46] "GET /adminjsi18n/ HTTP/1.1" 200 3185
[06/Jun/2020 10:41:08] "POST /adminquestion/question/3/change/?_changelist_filters=quiz_id__id__exact%3D2 HTTP/1.1" 302 0
[06/Jun/2020 10:41:09] "GET /adminquestion/question/3/change/?_changelist_filters=quiz_id__id__exact%3D2 HTTP/1.1" 200 7921
[06/Jun/2020 10:41:10] "GET /adminjsi18n/ HTTP/1.1" 200 3185
[06/Jun/2020 10:41:13] "GET /admin HTTP/1.1" 200 10391
[06/Jun/2020 10:41:21] "GET /adminquestion/question/ HTTP/1.1" 200 5548
[06/Jun/2020 10:41:21] "GET /adminjsi18n/ HTTP/1.1" 200 3185
[06/Jun/2020 10:41:23] "GET /adminquestion/question/3/change/ HTTP/1.1" 200 7577
[06/Jun/2020 10:41:23] "GET /adminjsi18n/ HTTP/1.1" 200 3185
[06/Jun/2020 10:41:27] "GET /admin HTTP/1.1" 200 10391
[06/Jun/2020 10:42:17] "GET /adminquestion/question/ HTTP/1.1" 200 5549
[06/Jun/2020 10:42:18] "GET /admin HTTP/1.1" 200 10900
[06/Jun/2020 10:42:41] "GET /adminquestion/quiz/ HTTP/1.1" 200 6276
[06/Jun/2020 10:42:41] "GET /adminjsi18n/ HTTP/1.1" 200 3185
[06/Jun/2020 10:42:43] "GET /adminquestion/quiz/add/ HTTP/1.1" 200 10753
[06/Jun/2020 10:42:43] "GET /adminjsi18n/ HTTP/1.1" 200 3185
[06/Jun/2020 10:43:34] "GET /admin HTTP/1.1" 200 10391
[06/Jun/2020 10:50:56] "GET /adminquestion/quiz/ HTTP/1.1" 200 6276
[06/Jun/2020 10:50:57] "GET /adminjsi18n/ HTTP/1.1" 200 3185
[06/Jun/2020 10:51:01] "GET /adminquestion/quiz/add/ HTTP/1.1" 200 10753
[06/Jun/2020 10:51:02] "GET /adminjsi18n/ HTTP/1.1" 200 3185
[06/Jun/2020 10:51:04] "GET /admin HTTP/1.1" 200 10391
[06/Jun/2020 10:51:07] "GET /adminquestion/quiz/ HTTP/1.1" 200 6276
[06/Jun/2020 10:51:07] "GET /adminjsi18n/ HTTP/1.1" 200 3185
[06/Jun/2020 10:51:09] "GET /adminquestion/quiz/2/change/ HTTP/1.1" 200 11145
[06/Jun/2020 10:51:09] "GET /adminjsi18n/ HTTP/1.1" 200 3185
[06/Jun/2020 10:51:13] "GET /adminquestion/quiz/2/delete/ HTTP/1.1" 200 3315
[06/Jun/2020 10:51:15] "POST /adminquestion/quiz/2/delete/ HTTP/1.1" 302 0
[06/Jun/2020 10:51:15] "GET /adminquestion/quiz/ HTTP/1.1" 200 6037
[06/Jun/2020 10:51:15] "GET /adminjsi18n/ HTTP/1.1" 200 3185
[06/Jun/2020 10:51:17] "GET /adminquestion/quiz/3/change/ HTTP/1.1" 200 11142
[06/Jun/2020 10:51:17] "GET /adminjsi18n/ HTTP/1.1" 200 3185
[06/Jun/2020 10:51:20] "GET /adminquestion/quiz/3/delete/ HTTP/1.1" 200 3194
[06/Jun/2020 10:51:22] "POST /adminquestion/quiz/3/delete/ HTTP/1.1" 302 0
[06/Jun/2020 10:51:22] "GET /adminquestion/quiz/ HTTP/1.1" 200 4058
[06/Jun/2020 10:51:22] "GET /adminjsi18n/ HTTP/1.1" 200 3185
[06/Jun/2020 10:51:28] "GET /admin HTTP/1.1" 200 10877
[06/Jun/2020 10:51:31] "GET /adminquestion/quiz/ HTTP/1.1" 200 3910
[06/Jun/2020 10:51:32] "GET /adminjsi18n/ HTTP/1.1" 200 3185
[06/Jun/2020 10:51:34] "GET /adminquestion/quiz/add/ HTTP/1.1" 200 10753
[06/Jun/2020 10:51:34] "GET /adminjsi18n/ HTTP/1.1" 200 3185
[06/Jun/2020 10:52:53] "POST /adminquestion/quiz/add/ HTTP/1.1" 302 0
[06/Jun/2020 10:52:54] "GET /adminquestion/quiz/add/ HTTP/1.1" 200 10965
[06/Jun/2020 10:52:54] "GET /adminjsi18n/ HTTP/1.1" 200 3185
[06/Jun/2020 10:53:57] "POST /adminquestion/quiz/add/ HTTP/1.1" 302 0
[06/Jun/2020 10:53:58] "GET /adminquestion/quiz/add/ HTTP/1.1" 200 10965
[06/Jun/2020 10:53:58] "GET /adminjsi18n/ HTTP/1.1" 200 3185
Invalid HTTP_HOST header: 'quiz.internal.cloudapp.net:8000'. You may need to add 'quiz.internal.cloudapp.net' to ALLOWED_HOSTS.
Bad Request: /
[06/Jun/2020 10:58:54] "GET / HTTP/1.1" 400 60568
[06/Jun/2020 10:59:38] "POST /adminquestion/quiz/add/ HTTP/1.1" 302 0
[06/Jun/2020 10:59:38] "GET /adminquestion/quiz/add/ HTTP/1.1" 200 10965
[06/Jun/2020 10:59:39] "GET /adminjsi18n/ HTTP/1.1" 200 3185
[06/Jun/2020 11:00:41] "POST /adminquestion/quiz/add/ HTTP/1.1" 302 0
[06/Jun/2020 11:00:41] "GET /adminquestion/quiz/add/ HTTP/1.1" 200 10965
[06/Jun/2020 11:00:41] "GET /adminjsi18n/ HTTP/1.1" 200 3185
[06/Jun/2020 11:01:34] "POST /adminquestion/quiz/add/ HTTP/1.1" 302 0
[06/Jun/2020 11:01:34] "GET /adminquestion/quiz/ HTTP/1.1" 200 7608
[06/Jun/2020 11:01:35] "GET /adminjsi18n/ HTTP/1.1" 200 3185
[06/Jun/2020 11:03:48] "GET /admin HTTP/1.1" 200 11149
[06/Jun/2020 11:03:53] "GET /adminquestion/question/ HTTP/1.1" 200 4216
[06/Jun/2020 11:03:53] "GET /adminjsi18n/ HTTP/1.1" 200 3185
[06/Jun/2020 11:03:56] "GET /admin HTTP/1.1" 200 11149
[06/Jun/2020 11:03:59] "GET /adminlogout/ HTTP/1.1" 200 1208
[06/Jun/2020 11:04:01] "GET /admin HTTP/1.1" 302 0
[06/Jun/2020 11:04:01] "GET /adminlogin/?next=/admin HTTP/1.1" 200 1819
[06/Jun/2020 11:04:16] "POST /adminlogin/?next=/admin HTTP/1.1" 302 0
[06/Jun/2020 11:04:17] "GET /admin HTTP/1.1" 200 11149
[06/Jun/2020 11:04:37] "GET /adminquestion/question/ HTTP/1.1" 200 4216
[06/Jun/2020 11:04:38] "GET /adminjsi18n/ HTTP/1.1" 200 3185
[06/Jun/2020 11:04:46] "GET /adminquestion/question/add/ HTTP/1.1" 200 7451
[06/Jun/2020 11:04:46] "GET /adminjsi18n/ HTTP/1.1" 200 3185
[06/Jun/2020 11:05:11] "POST /adminquestion/question/add/ HTTP/1.1" 302 0
[06/Jun/2020 11:05:11] "GET /adminquestion/question/ HTTP/1.1" 200 5981
[06/Jun/2020 11:05:11] "GET /adminjsi18n/ HTTP/1.1" 200 3185
[06/Jun/2020 11:05:27] "GET /admin HTTP/1.1" 200 11194
[06/Jun/2020 11:05:31] "GET /adminlogout/ HTTP/1.1" 200 1208
[06/Jun/2020 11:11:39] "GET /admin HTTP/1.1" 302 0
[06/Jun/2020 11:11:39] "GET /adminlogin/?next=/admin HTTP/1.1" 200 1819
[06/Jun/2020 11:11:48] "POST /adminlogin/?next=/admin HTTP/1.1" 302 0
[06/Jun/2020 11:11:48] "GET /admin HTTP/1.1" 200 11194
[06/Jun/2020 11:11:51] "GET /adminquestion/answer/ HTTP/1.1" 200 4085
[06/Jun/2020 11:11:51] "GET /adminjsi18n/ HTTP/1.1" 200 3185
[06/Jun/2020 11:11:55] "GET /admin HTTP/1.1" 200 11194
[06/Jun/2020 11:11:58] "GET /adminquestion/answer/ HTTP/1.1" 200 4085
[06/Jun/2020 11:11:59] "GET /adminjsi18n/ HTTP/1.1" 200 3185
[06/Jun/2020 11:12:10] "GET /adminquestion/answer/?quiz_id__id__exact=4 HTTP/1.1" 200 4198
[06/Jun/2020 11:12:10] "GET /adminjsi18n/ HTTP/1.1" 200 3185
[06/Jun/2020 11:12:19] "GET /adminquestion/answer/add/?_changelist_filters=quiz_id__id__exact%3D4 HTTP/1.1" 200 7596
[06/Jun/2020 11:12:19] "GET /adminjsi18n/ HTTP/1.1" 200 3185
[06/Jun/2020 11:12:42] "POST /adminquestion/answer/add/?_changelist_filters=quiz_id__id__exact%3D4 HTTP/1.1" 302 0
[06/Jun/2020 11:12:43] "GET /adminquestion/answer/?quiz_id__id__exact=4 HTTP/1.1" 200 6342
[06/Jun/2020 11:12:43] "GET /adminjsi18n/ HTTP/1.1" 200 3185
[06/Jun/2020 11:12:49] "GET /admin HTTP/1.1" 200 11191
[06/Jun/2020 11:37:35] "GET /adminlogout/ HTTP/1.1" 302 0
[06/Jun/2020 11:37:35] "GET /admin HTTP/1.1" 302 0
[06/Jun/2020 11:37:35] "GET /adminlogin/?next=/admin HTTP/1.1" 200 1819
[06/Jun/2020 11:37:36] "GET /static/admin/css/base.css HTTP/1.1" 200 16225
[06/Jun/2020 11:37:36] "GET /static/admin/css/responsive.css HTTP/1.1" 200 17976
[06/Jun/2020 11:37:36] "GET /static/admin/css/login.css HTTP/1.1" 200 1203
[06/Jun/2020 11:37:36] "GET /static/admin/css/fonts.css HTTP/1.1" 200 423
Not Found: /favicon.ico
[06/Jun/2020 11:37:36] "GET /favicon.ico HTTP/1.1" 404 4304
[06/Jun/2020 11:37:37] "GET /static/admin/fonts/Roboto-Regular-webfont.woff HTTP/1.1" 200 80304
[06/Jun/2020 11:37:37] "GET /static/admin/fonts/Roboto-Light-webfont.woff HTTP/1.1" 200 81348
----------------------------------------
Exception happened during processing of request from ('157.46.38.160', 65309)
----------------------------------------
Exception happened during processing of request from ('157.46.38.160', 65314)
----------------------------------------
Exception happened during processing of request from ('157.46.38.160', 65315)
Traceback (most recent call last):
  File "/usr/lib/python3.6/socketserver.py", line 654, in process_request_thread
    self.finish_request(request, client_address)
  File "/usr/lib/python3.6/socketserver.py", line 364, in finish_request
    self.RequestHandlerClass(request, client_address, self)
  File "/usr/lib/python3.6/socketserver.py", line 724, in __init__
    self.handle()
  File "/home/mepcoquiz/myenv/lib/python3.6/site-packages/django/core/servers/basehttp.py", line 171, in handle
    self.handle_one_request()
  File "/home/mepcoquiz/myenv/lib/python3.6/site-packages/django/core/servers/basehttp.py", line 179, in handle_one_request
    self.raw_requestline = self.rfile.readline(65537)
  File "/usr/lib/python3.6/socket.py", line 586, in readinto
    return self._sock.recv_into(b)
ConnectionResetError: [Errno 104] Connection reset by peer
----------------------------------------
Traceback (most recent call last):
  File "/usr/lib/python3.6/socketserver.py", line 654, in process_request_thread
    self.finish_request(request, client_address)
  File "/usr/lib/python3.6/socketserver.py", line 364, in finish_request
    self.RequestHandlerClass(request, client_address, self)
  File "/usr/lib/python3.6/socketserver.py", line 724, in __init__
    self.handle()
  File "/home/mepcoquiz/myenv/lib/python3.6/site-packages/django/core/servers/basehttp.py", line 171, in handle
    self.handle_one_request()
  File "/home/mepcoquiz/myenv/lib/python3.6/site-packages/django/core/servers/basehttp.py", line 179, in handle_one_request
    self.raw_requestline = self.rfile.readline(65537)
  File "/usr/lib/python3.6/socket.py", line 586, in readinto
    return self._sock.recv_into(b)
ConnectionResetError: [Errno 104] Connection reset by peer
----------------------------------------
Traceback (most recent call last):
  File "/usr/lib/python3.6/socketserver.py", line 654, in process_request_thread
    self.finish_request(request, client_address)
  File "/usr/lib/python3.6/socketserver.py", line 364, in finish_request
    self.RequestHandlerClass(request, client_address, self)
  File "/usr/lib/python3.6/socketserver.py", line 724, in __init__
    self.handle()
  File "/home/mepcoquiz/myenv/lib/python3.6/site-packages/django/core/servers/basehttp.py", line 171, in handle
    self.handle_one_request()
  File "/home/mepcoquiz/myenv/lib/python3.6/site-packages/django/core/servers/basehttp.py", line 179, in handle_one_request
    self.raw_requestline = self.rfile.readline(65537)
  File "/usr/lib/python3.6/socket.py", line 586, in readinto
    return self._sock.recv_into(b)
ConnectionResetError: [Errno 104] Connection reset by peer
----------------------------------------
----------------------------------------
Exception happened during processing of request from ('157.46.38.160', 65317)
Traceback (most recent call last):
  File "/usr/lib/python3.6/socketserver.py", line 654, in process_request_thread
    self.finish_request(request, client_address)
  File "/usr/lib/python3.6/socketserver.py", line 364, in finish_request
    self.RequestHandlerClass(request, client_address, self)
  File "/usr/lib/python3.6/socketserver.py", line 724, in __init__
    self.handle()
  File "/home/mepcoquiz/myenv/lib/python3.6/site-packages/django/core/servers/basehttp.py", line 169, in handle
    self.handle_one_request()
  File "/home/mepcoquiz/myenv/lib/python3.6/site-packages/django/core/servers/basehttp.py", line 179, in handle_one_request
    self.raw_requestline = self.rfile.readline(65537)
  File "/usr/lib/python3.6/socket.py", line 586, in readinto
    return self._sock.recv_into(b)
ConnectionResetError: [Errno 104] Connection reset by peer
----------------------------------------
[06/Jun/2020 11:38:54] "GET /adminlogout/ HTTP/1.1" 200 1208
[06/Jun/2020 12:36:24] "GET /admin HTTP/1.1" 200 11633
[06/Jun/2020 12:36:24] "GET /static/admin/css/base.css HTTP/1.1" 304 0
[06/Jun/2020 12:36:24] "GET /admin HTTP/1.1" 200 11633
[06/Jun/2020 12:36:24] "GET /static/admin/css/dashboard.css HTTP/1.1" 304 0
[06/Jun/2020 12:36:24] "GET /static/admin/css/responsive.css HTTP/1.1" 304 0
[06/Jun/2020 12:36:25] "GET /static/admin/css/fonts.css HTTP/1.1" 304 0
[06/Jun/2020 12:36:26] "GET /static/admin/fonts/Roboto-Light-webfont.woff HTTP/1.1" 304 0
[06/Jun/2020 12:36:26] "GET /static/admin/fonts/Roboto-Bold-webfont.woff HTTP/1.1" 304 0
[06/Jun/2020 12:36:26] "GET /static/admin/fonts/Roboto-Regular-webfont.woff HTTP/1.1" 304 0
[06/Jun/2020 12:36:27] "GET /static/admin/img/icon-addlink.svg HTTP/1.1" 304 0
[06/Jun/2020 12:36:27] "GET /static/admin/img/icon-changelink.svg HTTP/1.1" 304 0
[06/Jun/2020 12:36:27] "GET /static/admin/img/icon-deletelink.svg HTTP/1.1" 304 0
[06/Jun/2020 12:36:31] "GET /adminquestion/quiz/ HTTP/1.1" 200 7435
[06/Jun/2020 12:36:31] "GET /static/admin/css/changelists.css HTTP/1.1" 304 0
[06/Jun/2020 12:36:31] "GET /static/admin/js/vendor/jquery/jquery.js HTTP/1.1" 304 0
[06/Jun/2020 12:36:31] "GET /static/admin/js/jquery.init.js HTTP/1.1" 304 0
[06/Jun/2020 12:36:32] "GET /adminjsi18n/ HTTP/1.1" 200 3185
[06/Jun/2020 12:36:32] "GET /static/admin/js/core.js HTTP/1.1" 304 0
[06/Jun/2020 12:36:32] "GET /static/admin/js/admin/RelatedObjectLookups.js HTTP/1.1" 304 0
[06/Jun/2020 12:36:32] "GET /static/admin/js/actions.js HTTP/1.1" 304 0
[06/Jun/2020 12:36:32] "GET /static/admin/js/urlify.js HTTP/1.1" 304 0
[06/Jun/2020 12:36:32] "GET /static/admin/js/prepopulate.js HTTP/1.1" 304 0
[06/Jun/2020 12:36:32] "GET /static/admin/js/vendor/xregexp/xregexp.js HTTP/1.1" 304 0
[06/Jun/2020 12:36:32] "GET /static/admin/img/tooltag-add.svg HTTP/1.1" 304 0
[06/Jun/2020 12:36:38] "GET /adminquestion/quiz/4/change/ HTTP/1.1" 200 11149
[06/Jun/2020 12:36:38] "GET /static/admin/css/forms.css HTTP/1.1" 304 0
[06/Jun/2020 12:36:38] "GET /static/admin/js/calendar.js HTTP/1.1" 304 0
[06/Jun/2020 12:36:38] "GET /static/admin/js/admin/DateTimeShortcuts.js HTTP/1.1" 304 0
[06/Jun/2020 12:36:38] "GET /adminjsi18n/ HTTP/1.1" 200 3185
[06/Jun/2020 12:36:39] "GET /static/admin/css/widgets.css HTTP/1.1" 304 0
[06/Jun/2020 12:36:39] "GET /static/admin/js/change_form.js HTTP/1.1" 304 0
[06/Jun/2020 12:36:39] "GET /static/admin/js/prepopulate_init.js HTTP/1.1" 304 0
[06/Jun/2020 12:36:39] "GET /static/admin/img/icon-calendar.svg HTTP/1.1" 304 0
[06/Jun/2020 12:36:39] "GET /static/admin/img/icon-clock.svg HTTP/1.1" 304 0
[06/Jun/2020 12:36:57] "GET /adminquestion/quiz/ HTTP/1.1" 200 7435
[06/Jun/2020 12:36:58] "GET /admin HTTP/1.1" 200 11633
[06/Jun/2020 12:37:02] "GET /adminquestion/question/ HTTP/1.1" 200 5804
[06/Jun/2020 12:37:02] "GET /adminjsi18n/ HTTP/1.1" 200 3185
[06/Jun/2020 12:37:05] "GET /adminquestion/question/4/change/ HTTP/1.1" 200 7704
[06/Jun/2020 12:37:06] "GET /adminjsi18n/ HTTP/1.1" 200 3185
[06/Jun/2020 12:37:08] "GET /adminquestion/question/ HTTP/1.1" 200 5804
[06/Jun/2020 12:37:09] "GET /admin HTTP/1.1" 200 11633
[06/Jun/2020 12:37:10] "GET /adminquestion/answer/ HTTP/1.1" 200 5912
[06/Jun/2020 12:37:11] "GET /adminjsi18n/ HTTP/1.1" 200 3185
[06/Jun/2020 12:37:13] "GET /admin HTTP/1.1" 200 11633
[06/Jun/2020 12:37:16] "GET /adminfeedback/rating/ HTTP/1.1" 200 3971
[06/Jun/2020 12:37:16] "GET /adminjsi18n/ HTTP/1.1" 200 3185
[06/Jun/2020 12:37:18] "GET /admin HTTP/1.1" 200 11633
[06/Jun/2020 12:37:20] "GET /adminauth/user/ HTTP/1.1" 200 7830
[06/Jun/2020 12:37:21] "GET /static/admin/img/search.svg HTTP/1.1" 304 0
[06/Jun/2020 12:37:21] "GET /adminjsi18n/ HTTP/1.1" 200 3185
[06/Jun/2020 12:37:21] "GET /static/admin/img/icon-yes.svg HTTP/1.1" 304 0
[06/Jun/2020 12:37:21] "GET /static/admin/img/sorting-icons.svg HTTP/1.1" 304 0
[06/Jun/2020 12:37:22] "GET /admin HTTP/1.1" 200 11633
[06/Jun/2020 12:37:24] "GET /adminscore/useranswer/ HTTP/1.1" 200 4099
[06/Jun/2020 12:37:24] "GET /adminjsi18n/ HTTP/1.1" 200 3185
[06/Jun/2020 12:37:25] "GET /admin HTTP/1.1" 200 11633
[06/Jun/2020 12:37:26] "GET /adminscore/userscore/ HTTP/1.1" 200 4193
[06/Jun/2020 12:37:27] "GET /adminjsi18n/ HTTP/1.1" 200 3185
[06/Jun/2020 12:37:27] "GET /admin HTTP/1.1" 200 11633
[06/Jun/2020 12:37:29] "GET /adminuser/department/ HTTP/1.1" 200 6620
[06/Jun/2020 12:37:29] "GET /adminjsi18n/ HTTP/1.1" 200 3185
[06/Jun/2020 12:38:18] "GET /admin HTTP/1.1" 302 0
[06/Jun/2020 12:38:19] "GET /adminlogin/?next=/admin HTTP/1.1" 200 1819
[06/Jun/2020 12:38:19] "GET /static/admin/css/base.css HTTP/1.1" 304 0
[06/Jun/2020 12:38:19] "GET /static/admin/css/responsive.css HTTP/1.1" 304 0
[06/Jun/2020 12:38:19] "GET /static/admin/css/login.css HTTP/1.1" 304 0
[06/Jun/2020 12:38:20] "GET /static/admin/css/fonts.css HTTP/1.1" 304 0
Not Found: /favicon.ico
[06/Jun/2020 12:38:20] "GET /static/admin/fonts/Roboto-Regular-webfont.woff HTTP/1.1" 304 0
[06/Jun/2020 12:38:20] "GET /favicon.ico HTTP/1.1" 404 4304
[06/Jun/2020 12:38:20] "GET /static/admin/fonts/Roboto-Light-webfont.woff HTTP/1.1" 304 0
[06/Jun/2020 12:45:27] "GET /admin HTTP/1.1" 200 11633
[06/Jun/2020 12:45:33] "GET /adminquestion/quiz/ HTTP/1.1" 200 7435
[06/Jun/2020 12:45:34] "GET /adminjsi18n/ HTTP/1.1" 200 3185
[06/Jun/2020 12:45:38] "GET /adminquestion/quiz/4/change/ HTTP/1.1" 200 11149
[06/Jun/2020 12:45:39] "GET /adminjsi18n/ HTTP/1.1" 200 3185
[06/Jun/2020 12:46:48] "GET /adminquestion/quiz/ HTTP/1.1" 200 7435
[06/Jun/2020 12:46:51] "GET /adminquestion/ HTTP/1.1" 200 3771
[06/Jun/2020 12:46:54] "GET /admin HTTP/1.1" 200 11633
[06/Jun/2020 12:47:01] "GET /adminauth/user/4/change/ HTTP/1.1" 200 17517
[06/Jun/2020 12:47:02] "GET /adminjsi18n/ HTTP/1.1" 200 3185
[06/Jun/2020 12:47:02] "GET /static/admin/js/SelectBox.js HTTP/1.1" 304 0
[06/Jun/2020 12:47:02] "GET /static/admin/js/SelectFilter2.js HTTP/1.1" 304 0
[06/Jun/2020 12:47:02] "GET /static/admin/img/icon-unknown.svg HTTP/1.1" 304 0
[06/Jun/2020 12:47:03] "GET /static/admin/img/selector-icons.svg HTTP/1.1" 304 0
[06/Jun/2020 12:47:03] "GET /static/admin/img/icon-unknown-alt.svg HTTP/1.1" 304 0
[06/Jun/2020 12:47:05] "GET /admin HTTP/1.1" 200 11633
[06/Jun/2020 12:50:22] "POST /adminlogin/?next=/admin HTTP/1.1" 302 0
[06/Jun/2020 12:50:22] "GET /admin HTTP/1.1" 200 11191
[06/Jun/2020 12:50:22] "GET /static/admin/css/dashboard.css HTTP/1.1" 304 0
[06/Jun/2020 12:50:22] "GET /static/admin/img/icon-addlink.svg HTTP/1.1" 304 0
[06/Jun/2020 12:50:22] "GET /static/admin/img/icon-changelink.svg HTTP/1.1" 304 0
[06/Jun/2020 12:50:23] "GET /static/admin/fonts/Roboto-Bold-webfont.woff HTTP/1.1" 304 0
[06/Jun/2020 12:50:23] "GET /static/admin/img/icon-deletelink.svg HTTP/1.1" 304 0
[06/Jun/2020 12:50:23] "GET /adminquestion/quiz/7/change/ HTTP/1.1" 200 11142
[06/Jun/2020 12:50:23] "GET /static/admin/css/forms.css HTTP/1.1" 304 0
[06/Jun/2020 12:50:24] "GET /static/admin/js/vendor/jquery/jquery.js HTTP/1.1" 304 0
[06/Jun/2020 12:50:24] "GET /static/admin/js/jquery.init.js HTTP/1.1" 304 0
[06/Jun/2020 12:50:24] "GET /static/admin/js/core.js HTTP/1.1" 304 0
[06/Jun/2020 12:50:24] "GET /adminjsi18n/ HTTP/1.1" 200 3185
[06/Jun/2020 12:50:24] "GET /static/admin/js/admin/RelatedObjectLookups.js HTTP/1.1" 304 0
[06/Jun/2020 12:50:24] "GET /static/admin/css/widgets.css HTTP/1.1" 304 0
[06/Jun/2020 12:50:24] "GET /static/admin/js/actions.js HTTP/1.1" 304 0
[06/Jun/2020 12:50:24] "GET /static/admin/js/urlify.js HTTP/1.1" 304 0
[06/Jun/2020 12:50:24] "GET /static/admin/js/prepopulate.js HTTP/1.1" 304 0
[06/Jun/2020 12:50:24] "GET /static/admin/js/vendor/xregexp/xregexp.js HTTP/1.1" 304 0
[06/Jun/2020 12:50:24] "GET /static/admin/js/calendar.js HTTP/1.1" 304 0
[06/Jun/2020 12:50:24] "GET /static/admin/js/admin/DateTimeShortcuts.js HTTP/1.1" 304 0
[06/Jun/2020 12:50:24] "GET /static/admin/js/change_form.js HTTP/1.1" 304 0
[06/Jun/2020 12:50:24] "GET /static/admin/js/prepopulate_init.js HTTP/1.1" 304 0
[06/Jun/2020 12:50:25] "GET /static/admin/img/icon-calendar.svg HTTP/1.1" 304 0
[06/Jun/2020 12:50:25] "GET /static/admin/img/icon-clock.svg HTTP/1.1" 304 0
[06/Jun/2020 12:50:27] "GET /admin HTTP/1.1" 200 11191
[06/Jun/2020 12:55:27] "GET /adminquestion/question/ HTTP/1.1" 200 5797
[06/Jun/2020 12:55:27] "GET /static/admin/css/changelists.css HTTP/1.1" 304 0
[06/Jun/2020 12:55:27] "GET /adminjsi18n/ HTTP/1.1" 200 3185
[06/Jun/2020 12:55:28] "GET /static/admin/img/tooltag-add.svg HTTP/1.1" 304 0
[06/Jun/2020 12:55:30] "GET /adminquestion/question/4/change/ HTTP/1.1" 200 7697
[06/Jun/2020 12:55:30] "GET /adminjsi18n/ HTTP/1.1" 200 3185
[06/Jun/2020 12:55:35] "GET /adminquestion/question/4/delete/ HTTP/1.1" 200 3326
[06/Jun/2020 12:55:36] "GET /static/admin/js/cancel.js HTTP/1.1" 304 0
[06/Jun/2020 12:55:38] "POST /adminquestion/question/4/delete/ HTTP/1.1" 302 0
[06/Jun/2020 12:55:38] "GET /adminquestion/question/ HTTP/1.1" 200 4364
[06/Jun/2020 12:55:38] "GET /adminjsi18n/ HTTP/1.1" 200 3185
[06/Jun/2020 12:55:39] "GET /static/admin/img/icon-yes.svg HTTP/1.1" 304 0
[06/Jun/2020 12:56:12] "GET /adminquestion/question/add/ HTTP/1.1" 200 7451
[06/Jun/2020 12:56:12] "GET /adminjsi18n/ HTTP/1.1" 200 3185
[06/Jun/2020 12:58:07] "POST /adminquestion/question/add/ HTTP/1.1" 302 0
[06/Jun/2020 12:58:08] "GET /adminquestion/question/ HTTP/1.1" 200 6008
[06/Jun/2020 12:58:08] "GET /adminjsi18n/ HTTP/1.1" 200 3185
[06/Jun/2020 12:58:11] "GET /adminquestion/question/5/change/ HTTP/1.1" 200 7750
[06/Jun/2020 12:58:11] "GET /adminjsi18n/ HTTP/1.1" 200 3185
[06/Jun/2020 12:58:32] "POST /adminquestion/question/5/change/ HTTP/1.1" 302 0
[06/Jun/2020 12:58:32] "GET /adminquestion/question/add/ HTTP/1.1" 200 7721
[06/Jun/2020 12:58:32] "GET /adminjsi18n/ HTTP/1.1" 200 3185
[06/Jun/2020 12:59:35] "POST /adminquestion/question/add/ HTTP/1.1" 302 0
[06/Jun/2020 12:59:36] "GET /adminquestion/question/add/ HTTP/1.1" 200 7834
[06/Jun/2020 12:59:36] "GET /adminjsi18n/ HTTP/1.1" 200 3185
[06/Jun/2020 13:00:53] "POST /adminquestion/question/add/ HTTP/1.1" 302 0
[06/Jun/2020 13:00:54] "GET /adminquestion/question/add/ HTTP/1.1" 200 8688
[06/Jun/2020 13:00:54] "GET /adminjsi18n/ HTTP/1.1" 200 3185
[06/Jun/2020 13:01:53] "POST /adminquestion/question/add/ HTTP/1.1" 302 0
[06/Jun/2020 13:01:53] "GET /adminquestion/question/add/ HTTP/1.1" 200 7835
[06/Jun/2020 13:01:54] "GET /adminjsi18n/ HTTP/1.1" 200 3185
[06/Jun/2020 13:02:53] "POST /adminquestion/question/add/ HTTP/1.1" 302 0
[06/Jun/2020 13:02:54] "GET /adminquestion/question/add/ HTTP/1.1" 200 7959
[06/Jun/2020 13:02:54] "GET /adminjsi18n/ HTTP/1.1" 200 3185
[06/Jun/2020 13:03:06] "GET /admin HTTP/1.1" 200 11633
[06/Jun/2020 13:03:08] "GET /adminquestion/question/ HTTP/1.1" 200 7013
[06/Jun/2020 13:03:09] "GET /adminjsi18n/ HTTP/1.1" 200 3185
[06/Jun/2020 13:03:12] "GET /adminquestion/question/9/change/ HTTP/1.1" 200 8100
[06/Jun/2020 13:03:13] "GET /adminjsi18n/ HTTP/1.1" 200 3185
----------------------------------------
Exception happened during processing of request from ('106.198.67.153', 4120)
Traceback (most recent call last):
  File "/usr/lib/python3.6/socketserver.py", line 654, in process_request_thread
    self.finish_request(request, client_address)
  File "/usr/lib/python3.6/socketserver.py", line 364, in finish_request
    self.RequestHandlerClass(request, client_address, self)
  File "/usr/lib/python3.6/socketserver.py", line 724, in __init__
    self.handle()
  File "/home/mepcoquiz/myenv/lib/python3.6/site-packages/django/core/servers/basehttp.py", line 171, in handle
    self.handle_one_request()
  File "/home/mepcoquiz/myenv/lib/python3.6/site-packages/django/core/servers/basehttp.py", line 179, in handle_one_request
    self.raw_requestline = self.rfile.readline(65537)
  File "/usr/lib/python3.6/socket.py", line 586, in readinto
    return self._sock.recv_into(b)
ConnectionResetError: [Errno 104] Connection reset by peer
----------------------------------------
[06/Jun/2020 13:03:27] "GET /adminquestion/question/ HTTP/1.1" 200 7013
[06/Jun/2020 13:03:35] "GET /admin HTTP/1.1" 200 11633
[06/Jun/2020 13:03:42] "GET /adminquestion/question/ HTTP/1.1" 200 7013
[06/Jun/2020 13:03:42] "GET /adminjsi18n/ HTTP/1.1" 200 3185
[06/Jun/2020 13:03:43] "GET /admin HTTP/1.1" 200 11633
[06/Jun/2020 13:03:46] "GET /adminquestion/answer/ HTTP/1.1" 200 7951
[06/Jun/2020 13:03:46] "GET /adminjsi18n/ HTTP/1.1" 200 3185
[06/Jun/2020 13:04:00] "GET /admin HTTP/1.1" 200 11633
[06/Jun/2020 13:04:54] "GET /adminquestion/question/ HTTP/1.1" 200 7013
[06/Jun/2020 13:04:54] "GET /adminjsi18n/ HTTP/1.1" 200 3185
[06/Jun/2020 13:04:57] "GET /admin HTTP/1.1" 200 11633
[06/Jun/2020 13:05:02] "GET /adminquestion/answer/ HTTP/1.1" 200 7951
[06/Jun/2020 13:05:03] "GET /adminjsi18n/ HTTP/1.1" 200 3185
[06/Jun/2020 13:05:05] "GET /admin HTTP/1.1" 200 11633
[06/Jun/2020 13:05:07] "GET /adminquestion/question/ HTTP/1.1" 200 7013
[06/Jun/2020 13:05:07] "GET /adminjsi18n/ HTTP/1.1" 200 3185
[06/Jun/2020 13:05:31] "GET /admin HTTP/1.1" 200 11633
[06/Jun/2020 13:05:35] "GET /adminquestion/quiz/ HTTP/1.1" 200 7435
[06/Jun/2020 13:05:35] "GET /adminjsi18n/ HTTP/1.1" 200 3185
[06/Jun/2020 13:05:47] "GET /admin HTTP/1.1" 200 11633
[06/Jun/2020 13:06:21] "GET /adminauth/user/4/change/ HTTP/1.1" 200 17517
[06/Jun/2020 13:06:23] "GET /adminjsi18n/ HTTP/1.1" 200 3185
[06/Jun/2020 13:06:24] "GET /admin HTTP/1.1" 200 11633
[06/Jun/2020 13:06:31] "POST /adminquestion/question/add/ HTTP/1.1" 302 0
[06/Jun/2020 13:06:31] "GET /adminquestion/question/add/ HTTP/1.1" 200 8113
[06/Jun/2020 13:06:31] "GET /adminjsi18n/ HTTP/1.1" 200 3185
[06/Jun/2020 13:08:24] "POST /adminquestion/question/add/ HTTP/1.1" 302 0
[06/Jun/2020 13:08:24] "GET /adminquestion/question/add/ HTTP/1.1" 200 7773
[06/Jun/2020 13:08:24] "GET /adminjsi18n/ HTTP/1.1" 200 3185
[06/Jun/2020 13:10:59] "GET /adminquestion/answer/ HTTP/1.1" 200 9195
[06/Jun/2020 13:11:00] "GET /adminjsi18n/ HTTP/1.1" 200 3185
[06/Jun/2020 13:11:11] "GET /admin HTTP/1.1" 200 11633
Not Found: /
[06/Jun/2020 13:11:34] "GET / HTTP/1.1" 404 4253
[06/Jun/2020 13:11:51] "GET /adminuser/department/ HTTP/1.1" 200 6620
[06/Jun/2020 13:11:51] "GET /adminjsi18n/ HTTP/1.1" 200 3185
[06/Jun/2020 13:12:04] "GET /adminuser/department/add/ HTTP/1.1" 200 3998
[06/Jun/2020 13:12:05] "GET /adminjsi18n/ HTTP/1.1" 200 3185
[06/Jun/2020 13:12:10] "POST /adminuser/department/add/ HTTP/1.1" 302 0
[06/Jun/2020 13:12:10] "GET /adminuser/department/add/ HTTP/1.1" 200 4217
[06/Jun/2020 13:12:10] "GET /adminjsi18n/ HTTP/1.1" 200 3185
[06/Jun/2020 13:12:17] "POST /adminuser/department/add/ HTTP/1.1" 302 0
[06/Jun/2020 13:12:18] "GET /adminuser/department/ HTTP/1.1" 200 7398
[06/Jun/2020 13:12:18] "GET /adminjsi18n/ HTTP/1.1" 200 3185
[06/Jun/2020 13:12:22] "GET /adminuser/ HTTP/1.1" 200 3725
[06/Jun/2020 13:12:25] "GET /admin HTTP/1.1" 200 11628
[06/Jun/2020 13:13:10] "GET /adminquestion/question/add/ HTTP/1.1" 200 7451
[06/Jun/2020 13:13:27] "POST /adminquestion/question/add/ HTTP/1.1" 302 0
[06/Jun/2020 13:13:27] "GET /adminquestion/question/add/ HTTP/1.1" 200 7950
[06/Jun/2020 13:13:27] "GET /adminjsi18n/ HTTP/1.1" 200 3185
